#
# There is insufficient memory for the Java Runtime Environment to continue.
# Native memory allocation (malloc) failed to allocate 524304 bytes for Chunk::new
# Possible reasons:
#   The system is out of physical RAM or swap space
#   The process is running with CompressedOops enabled, and the Java Heap may be blocking the growth of the native heap
# Possible solutions:
#   Reduce memory load on the system
#   Increase physical memory or swap space
#   Check if swap backing store is full
#   Decrease Java heap size (-Xmx/-Xms)
#   Decrease number of Java threads
#   Decrease Java thread stack sizes (-Xss)
#   Set larger code cache with -XX:ReservedCodeCacheSize=
#   JVM is running with Unscaled Compressed Oops mode in which the Java heap is
#     placed in the first 4GB address space. The Java Heap base address is the
#     maximum limit for the native heap growth. Please use -XX:HeapBaseMinAddress
#     to set the Java Heap base and to place the Java Heap above 4GB virtual address.
# This output file may be truncated or incomplete.
#
#  Out of Memory Error (arena.cpp:189), pid=49192, tid=67236
#
# JRE version: OpenJDK Runtime Environment Corretto-17.0.1.12.1 (17.0.1+12) (build 17.0.1+12-LTS)
# Java VM: OpenJDK 64-Bit Server VM Corretto-17.0.1.12.1 (17.0.1+12-LTS, mixed mode, sharing, tiered, compressed oops, compressed class ptrs, g1 gc, windows-amd64)
# No core dump will be written. Minidumps are not enabled by default on client versions of Windows
#

---------------  S U M M A R Y ------------

Command Line: -Dclassworlds.conf=C:\Users\ejane\scoop\apps\maven\current\bin\m2.conf -Dmaven.home=C:\Users\ejane\scoop\apps\maven\current -Dlibrary.jansi.path=C:\Users\ejane\scoop\apps\maven\current\lib\jansi-native -Dmaven.multiModuleProjectDirectory=C:\Users\ejane\Documents\MCTL org.codehaus.plexus.classworlds.launcher.Launcher package

Host: AMD Ryzen 3 5300U with Radeon Graphics         , 8 cores, 7G,  Windows 10 , 64 bit Build 22621 (10.0.22621.598)
Time: Thu Oct 13 16:21:49 2022 Hora est. Pacífico, Sudamérica elapsed time: 92.013131 seconds (0d 0h 1m 32s)

---------------  T H R E A D  ---------------

Current thread (0x000001de2d5f2be0):  JavaThread "C2 CompilerThread1" daemon [_thread_in_native, id=67236, stack(0x0000003bbcb00000,0x0000003bbcc00000)]


Current CompileTask:
C2:  92013 6813       4       org.objectweb.asm.ClassReader::readCode (5109 bytes)

Stack: [0x0000003bbcb00000,0x0000003bbcc00000]
Native frames: (J=compiled Java code, j=interpreted, Vv=VM code, C=native code)
V  [jvm.dll+0x64440a]
V  [jvm.dll+0x7f4824]
V  [jvm.dll+0x7f5fde]
V  [jvm.dll+0x7f6633]
V  [jvm.dll+0x2347e8]
V  [jvm.dll+0xbc8fb]
V  [jvm.dll+0xbce8c]
V  [jvm.dll+0xbca0b]
V  [jvm.dll+0x118076]
V  [jvm.dll+0x64b8d5]
V  [jvm.dll+0x649845]
V  [jvm.dll+0x2090f9]
V  [jvm.dll+0x2083e7]
V  [jvm.dll+0x1983cd]
V  [jvm.dll+0x217779]
V  [jvm.dll+0x2159cb]
V  [jvm.dll+0x7acf6b]
V  [jvm.dll+0x7a757a]
V  [jvm.dll+0x643255]
C  [ucrtbase.dll+0x29363]
C  [KERNEL32.DLL+0x1244d]
C  [ntdll.dll+0x5df78]


---------------  P R O C E S S  ---------------

Threads class SMR info:
_java_thread_list=0x000001de2e633700, length=13, elements={
0x000001de0cd8f630, 0x000001de2cac2730, 0x000001de2cac3880, 0x000001de2cada2c0,
0x000001de2cadcc80, 0x000001de2cadd630, 0x000001de2cae5e60, 0x000001de2caf22b0,
0x000001de2caf4bc0, 0x000001de2caf6cb0, 0x000001de2d5d03e0, 0x000001de2d5d54f0,
0x000001de2d5f2be0
}

Java Threads: ( => current thread )
  0x000001de0cd8f630 JavaThread "main" [_thread_in_native_trans, id=39432, stack(0x0000003bbcc00000,0x0000003bbcd00000)]
  0x000001de2cac2730 JavaThread "Reference Handler" daemon [_thread_blocked, id=49496, stack(0x0000003bbd300000,0x0000003bbd400000)]
  0x000001de2cac3880 JavaThread "Finalizer" daemon [_thread_blocked, id=48480, stack(0x0000003bbd400000,0x0000003bbd500000)]
  0x000001de2cada2c0 JavaThread "Signal Dispatcher" daemon [_thread_blocked, id=56888, stack(0x0000003bbd500000,0x0000003bbd600000)]
  0x000001de2cadcc80 JavaThread "Attach Listener" daemon [_thread_blocked, id=31568, stack(0x0000003bbd600000,0x0000003bbd700000)]
  0x000001de2cadd630 JavaThread "Service Thread" daemon [_thread_blocked, id=66100, stack(0x0000003bbd700000,0x0000003bbd800000)]
  0x000001de2cae5e60 JavaThread "Monitor Deflation Thread" daemon [_thread_blocked, id=57448, stack(0x0000003bbd800000,0x0000003bbd900000)]
  0x000001de2caf22b0 JavaThread "C2 CompilerThread0" daemon [_thread_in_native, id=14396, stack(0x0000003bbd900000,0x0000003bbda00000)]
  0x000001de2caf4bc0 JavaThread "C1 CompilerThread0" daemon [_thread_blocked, id=10360, stack(0x0000003bbda00000,0x0000003bbdb00000)]
  0x000001de2caf6cb0 JavaThread "Sweeper thread" daemon [_thread_blocked, id=46964, stack(0x0000003bbdb00000,0x0000003bbdc00000)]
  0x000001de2d5d03e0 JavaThread "Notification Thread" daemon [_thread_blocked, id=60876, stack(0x0000003bbdc00000,0x0000003bbdd00000)]
  0x000001de2d5d54f0 JavaThread "Common-Cleaner" daemon [_thread_blocked, id=54904, stack(0x0000003bbde00000,0x0000003bbdf00000)]
=>0x000001de2d5f2be0 JavaThread "C2 CompilerThread1" daemon [_thread_in_native, id=67236, stack(0x0000003bbcb00000,0x0000003bbcc00000)]

Other Threads:
  0x000001de2cabd2e0 VMThread "VM Thread" [stack: 0x0000003bbd200000,0x0000003bbd300000] [id=21572]
  0x000001de0cde8720 WatcherThread [stack: 0x0000003bbdd00000,0x0000003bbde00000] [id=63904]
  0x000001de0cdccb80 GCTaskThread "GC Thread#0" [stack: 0x0000003bbcd00000,0x0000003bbce00000] [id=61672]
  0x000001de2de08e70 GCTaskThread "GC Thread#1" [stack: 0x0000003bbdf00000,0x0000003bbe000000] [id=57548]
  0x000001de2de9d030 GCTaskThread "GC Thread#2" [stack: 0x0000003bbe000000,0x0000003bbe100000] [id=53916]
  0x000001de2ddf2e30 GCTaskThread "GC Thread#3" [stack: 0x0000003bbe100000,0x0000003bbe200000] [id=57172]
  0x000001de2ddfb6e0 GCTaskThread "GC Thread#4" [stack: 0x0000003bbe200000,0x0000003bbe300000] [id=50452]
  0x000001de2de0b150 GCTaskThread "GC Thread#5" [stack: 0x0000003bbe300000,0x0000003bbe400000] [id=46252]
  0x000001de2de0c020 GCTaskThread "GC Thread#6" [stack: 0x0000003bbe400000,0x0000003bbe500000] [id=66872]
  0x000001de2e4c6d40 GCTaskThread "GC Thread#7" [stack: 0x0000003bbe600000,0x0000003bbe700000] [id=59276]
  0x000001de0cdde5b0 ConcurrentGCThread "G1 Main Marker" [stack: 0x0000003bbce00000,0x0000003bbcf00000] [id=54696]
  0x000001de0cde1710 ConcurrentGCThread "G1 Conc#0" [stack: 0x0000003bbcf00000,0x0000003bbd000000] [id=57796]
  0x000001de2ed6e360 ConcurrentGCThread "G1 Conc#1" [stack: 0x0000003bbe900000,0x0000003bbea00000] [id=16620]
  0x000001de0ce5a0b0 ConcurrentGCThread "G1 Refine#0" [stack: 0x0000003bbd000000,0x0000003bbd100000] [id=38864]
  0x000001de2e6da020 ConcurrentGCThread "G1 Refine#1" [stack: 0x0000003bbca00000,0x0000003bbcb00000] [id=64884]
  0x000001de30f8e740 ConcurrentGCThread "G1 Refine#2" [stack: 0x0000003bbc900000,0x0000003bbca00000] [id=41504]
  0x000001de0ce5a9d0 ConcurrentGCThread "G1 Service" [stack: 0x0000003bbd100000,0x0000003bbd200000] [id=25404]

Threads with active compile tasks:
C2 CompilerThread0    92138 6856       4       org.objectweb.asm.signature.SignatureWriter::visitEnd (15 bytes)
C2 CompilerThread1    92138 6813       4       org.objectweb.asm.ClassReader::readCode (5109 bytes)

VM state: not at safepoint (normal execution)

VM Mutex/Monitor currently owned by a thread: None

Heap address: 0x000000008ac00000, size: 1876 MB, Compressed Oops mode: 32-bit

CDS archive(s) mapped at: [0x0000000800000000-0x0000000800bc0000-0x0000000800bc0000), size 12320768, SharedBaseAddress: 0x0000000800000000, ArchiveRelocationMode: 0.
Compressed class space mapped at: 0x0000000800c00000-0x0000000840c00000, reserved size: 1073741824
Narrow klass base: 0x0000000800000000, Narrow klass shift: 0, Narrow klass range: 0x100000000

GC Precious Log:
 CPUs: 8 total, 8 available
 Memory: 7503M
 Large Page Support: Disabled
 NUMA Support: Disabled
 Compressed Oops: Enabled (32-bit)
 Heap Region Size: 1M
 Heap Min Capacity: 8M
 Heap Initial Capacity: 118M
 Heap Max Capacity: 1876M
 Pre-touch: Disabled
 Parallel Workers: 8
 Concurrent Workers: 2
 Concurrent Refinement Workers: 8
 Periodic GC: Disabled

Heap:
 garbage-first heap   total 214016K, used 127354K [0x000000008ac00000, 0x0000000100000000)
  region size 1024K, 38 young (38912K), 8 survivors (8192K)
 Metaspace       used 27011K, committed 27392K, reserved 1081344K
  class space    used 2952K, committed 3136K, reserved 1048576K

Heap Regions: E=young(eden), S=young(survivor), O=old, HS=humongous(starts), HC=humongous(continues), CS=collection set, F=free, OA=open archive, CA=closed archive, TAMS=top-at-mark-start (previous, next)
|   0|0x000000008ac00000, 0x000000008acffff8, 0x000000008ad00000| 99%| O|  |TAMS 0x000000008acffff8, 0x000000008ac00000| Untracked 
|   1|0x000000008ad00000, 0x000000008ae00000, 0x000000008ae00000|100%| O|  |TAMS 0x000000008ae00000, 0x000000008ad00000| Untracked 
|   2|0x000000008ae00000, 0x000000008af00000, 0x000000008af00000|100%| O|  |TAMS 0x000000008af00000, 0x000000008ae00000| Untracked 
|   3|0x000000008af00000, 0x000000008b000000, 0x000000008b000000|100%| O|  |TAMS 0x000000008b000000, 0x000000008af00000| Untracked 
|   4|0x000000008b000000, 0x000000008b100000, 0x000000008b100000|100%| O|  |TAMS 0x000000008b100000, 0x000000008b000000| Untracked 
|   5|0x000000008b100000, 0x000000008b200000, 0x000000008b200000|100%| O|  |TAMS 0x000000008b200000, 0x000000008b100000| Untracked 
|   6|0x000000008b200000, 0x000000008b300000, 0x000000008b300000|100%| O|  |TAMS 0x000000008b300000, 0x000000008b200000| Untracked 
|   7|0x000000008b300000, 0x000000008b400000, 0x000000008b400000|100%| O|  |TAMS 0x000000008b400000, 0x000000008b300000| Untracked 
|   8|0x000000008b400000, 0x000000008b500000, 0x000000008b500000|100%| O|  |TAMS 0x000000008b500000, 0x000000008b400000| Untracked 
|   9|0x000000008b500000, 0x000000008b600000, 0x000000008b600000|100%| O|  |TAMS 0x000000008b600000, 0x000000008b500000| Untracked 
|  10|0x000000008b600000, 0x000000008b6ffba0, 0x000000008b700000| 99%| O|  |TAMS 0x000000008b6ffba0, 0x000000008b600000| Untracked 
|  11|0x000000008b700000, 0x000000008b800000, 0x000000008b800000|100%| O|  |TAMS 0x000000008b800000, 0x000000008b700000| Untracked 
|  12|0x000000008b800000, 0x000000008b8fffb0, 0x000000008b900000| 99%| O|  |TAMS 0x000000008b8fffb0, 0x000000008b800000| Untracked 
|  13|0x000000008b900000, 0x000000008ba00000, 0x000000008ba00000|100%| O|  |TAMS 0x000000008ba00000, 0x000000008b900000| Untracked 
|  14|0x000000008ba00000, 0x000000008bb00000, 0x000000008bb00000|100%| O|  |TAMS 0x000000008bb00000, 0x000000008ba00000| Untracked 
|  15|0x000000008bb00000, 0x000000008bc00000, 0x000000008bc00000|100%| O|  |TAMS 0x000000008bc00000, 0x000000008bb00000| Untracked 
|  16|0x000000008bc00000, 0x000000008bcf98f0, 0x000000008bd00000| 97%| O|  |TAMS 0x000000008bcf98f0, 0x000000008bc00000| Untracked 
|  17|0x000000008bd00000, 0x000000008bd804b0, 0x000000008be00000| 50%| O|  |TAMS 0x000000008bd804b0, 0x000000008bd00000| Untracked 
|  18|0x000000008be00000, 0x000000008beb2258, 0x000000008bf00000| 69%| O|  |TAMS 0x000000008beb2258, 0x000000008be00000| Untracked 
|  19|0x000000008bf00000, 0x000000008c000000, 0x000000008c000000|100%| O|  |TAMS 0x000000008c000000, 0x000000008bf00000| Untracked 
|  20|0x000000008c000000, 0x000000008c100000, 0x000000008c100000|100%| O|  |TAMS 0x000000008c100000, 0x000000008c000000| Untracked 
|  21|0x000000008c100000, 0x000000008c200000, 0x000000008c200000|100%| O|  |TAMS 0x000000008c200000, 0x000000008c100000| Untracked 
|  22|0x000000008c200000, 0x000000008c300000, 0x000000008c300000|100%| O|  |TAMS 0x000000008c300000, 0x000000008c200000| Untracked 
|  23|0x000000008c300000, 0x000000008c400000, 0x000000008c400000|100%| O|  |TAMS 0x000000008c400000, 0x000000008c300000| Untracked 
|  24|0x000000008c400000, 0x000000008c500000, 0x000000008c500000|100%| O|  |TAMS 0x000000008c500000, 0x000000008c400000| Untracked 
|  25|0x000000008c500000, 0x000000008c500000, 0x000000008c600000|  0%| F|  |TAMS 0x000000008c500000, 0x000000008c500000| Untracked 
|  26|0x000000008c600000, 0x000000008c700000, 0x000000008c700000|100%| O|  |TAMS 0x000000008c600000, 0x000000008c600000| Untracked 
|  27|0x000000008c700000, 0x000000008c700000, 0x000000008c800000|  0%| F|  |TAMS 0x000000008c700000, 0x000000008c700000| Untracked 
|  28|0x000000008c800000, 0x000000008c900000, 0x000000008c900000|100%| O|  |TAMS 0x000000008c900000, 0x000000008c800000| Untracked 
|  29|0x000000008c900000, 0x000000008ca00000, 0x000000008ca00000|100%| O|  |TAMS 0x000000008ca00000, 0x000000008c900000| Untracked 
|  30|0x000000008ca00000, 0x000000008cb00000, 0x000000008cb00000|100%| O|  |TAMS 0x000000008cb00000, 0x000000008ca00000| Untracked 
|  31|0x000000008cb00000, 0x000000008cc00000, 0x000000008cc00000|100%| O|  |TAMS 0x000000008cc00000, 0x000000008cb00000| Untracked 
|  32|0x000000008cc00000, 0x000000008cd00000, 0x000000008cd00000|100%| O|  |TAMS 0x000000008cd00000, 0x000000008cc00000| Untracked 
|  33|0x000000008cd00000, 0x000000008ce00000, 0x000000008ce00000|100%| O|  |TAMS 0x000000008ce00000, 0x000000008cd00000| Untracked 
|  34|0x000000008ce00000, 0x000000008cf00000, 0x000000008cf00000|100%| O|  |TAMS 0x000000008cf00000, 0x000000008ce00000| Untracked 
|  35|0x000000008cf00000, 0x000000008d000000, 0x000000008d000000|100%| O|  |TAMS 0x000000008d000000, 0x000000008cf00000| Untracked 
|  36|0x000000008d000000, 0x000000008d100000, 0x000000008d100000|100%| O|  |TAMS 0x000000008d100000, 0x000000008d000000| Untracked 
|  37|0x000000008d100000, 0x000000008d200000, 0x000000008d200000|100%| O|  |TAMS 0x000000008d200000, 0x000000008d100000| Untracked 
|  38|0x000000008d200000, 0x000000008d300000, 0x000000008d300000|100%| O|  |TAMS 0x000000008d300000, 0x000000008d200000| Untracked 
|  39|0x000000008d300000, 0x000000008d400000, 0x000000008d400000|100%|HS|  |TAMS 0x000000008d400000, 0x000000008d300000| Complete 
|  40|0x000000008d400000, 0x000000008d500000, 0x000000008d500000|100%| O|  |TAMS 0x000000008d500000, 0x000000008d400000| Untracked 
|  41|0x000000008d500000, 0x000000008d600000, 0x000000008d600000|100%| O|  |TAMS 0x000000008d600000, 0x000000008d500000| Untracked 
|  42|0x000000008d600000, 0x000000008d700000, 0x000000008d700000|100%| O|  |TAMS 0x000000008d700000, 0x000000008d600000| Untracked 
|  43|0x000000008d700000, 0x000000008d800000, 0x000000008d800000|100%| O|  |TAMS 0x000000008d800000, 0x000000008d700000| Untracked 
|  44|0x000000008d800000, 0x000000008d900000, 0x000000008d900000|100%| O|  |TAMS 0x000000008d900000, 0x000000008d800000| Untracked 
|  45|0x000000008d900000, 0x000000008da00000, 0x000000008da00000|100%| O|  |TAMS 0x000000008da00000, 0x000000008d900000| Untracked 
|  46|0x000000008da00000, 0x000000008db00000, 0x000000008db00000|100%| O|  |TAMS 0x000000008db00000, 0x000000008da00000| Untracked 
|  47|0x000000008db00000, 0x000000008dc00000, 0x000000008dc00000|100%| O|  |TAMS 0x000000008dc00000, 0x000000008db00000| Untracked 
|  48|0x000000008dc00000, 0x000000008dd00000, 0x000000008dd00000|100%| O|  |TAMS 0x000000008dd00000, 0x000000008dc00000| Untracked 
|  49|0x000000008dd00000, 0x000000008de00000, 0x000000008de00000|100%| O|  |TAMS 0x000000008de00000, 0x000000008dd00000| Untracked 
|  50|0x000000008de00000, 0x000000008df00000, 0x000000008df00000|100%| O|  |TAMS 0x000000008df00000, 0x000000008de00000| Untracked 
|  51|0x000000008df00000, 0x000000008e000000, 0x000000008e000000|100%| O|  |TAMS 0x000000008e000000, 0x000000008df00000| Untracked 
|  52|0x000000008e000000, 0x000000008e100000, 0x000000008e100000|100%| O|  |TAMS 0x000000008e100000, 0x000000008e000000| Untracked 
|  53|0x000000008e100000, 0x000000008e200000, 0x000000008e200000|100%| O|  |TAMS 0x000000008e200000, 0x000000008e100000| Untracked 
|  54|0x000000008e200000, 0x000000008e300000, 0x000000008e300000|100%| O|  |TAMS 0x000000008e300000, 0x000000008e200000| Untracked 
|  55|0x000000008e300000, 0x000000008e400000, 0x000000008e400000|100%| O|  |TAMS 0x000000008e400000, 0x000000008e300000| Untracked 
|  56|0x000000008e400000, 0x000000008e500000, 0x000000008e500000|100%| O|  |TAMS 0x000000008e500000, 0x000000008e400000| Untracked 
|  57|0x000000008e500000, 0x000000008e600000, 0x000000008e600000|100%| O|  |TAMS 0x000000008e600000, 0x000000008e500000| Untracked 
|  58|0x000000008e600000, 0x000000008e700000, 0x000000008e700000|100%| O|  |TAMS 0x000000008e700000, 0x000000008e600000| Untracked 
|  59|0x000000008e700000, 0x000000008e800000, 0x000000008e800000|100%| O|  |TAMS 0x000000008e800000, 0x000000008e700000| Untracked 
|  60|0x000000008e800000, 0x000000008e900000, 0x000000008e900000|100%| O|  |TAMS 0x000000008e900000, 0x000000008e800000| Untracked 
|  61|0x000000008e900000, 0x000000008ea00000, 0x000000008ea00000|100%| O|  |TAMS 0x000000008ea00000, 0x000000008e900000| Untracked 
|  62|0x000000008ea00000, 0x000000008eb00000, 0x000000008eb00000|100%| O|  |TAMS 0x000000008eb00000, 0x000000008ea00000| Untracked 
|  63|0x000000008eb00000, 0x000000008ec00000, 0x000000008ec00000|100%| O|  |TAMS 0x000000008ec00000, 0x000000008eb00000| Untracked 
|  64|0x000000008ec00000, 0x000000008ed00000, 0x000000008ed00000|100%| O|  |TAMS 0x000000008ed00000, 0x000000008ec00000| Untracked 
|  65|0x000000008ed00000, 0x000000008ee00000, 0x000000008ee00000|100%| O|  |TAMS 0x000000008ee00000, 0x000000008ed00000| Untracked 
|  66|0x000000008ee00000, 0x000000008ef00000, 0x000000008ef00000|100%| O|  |TAMS 0x000000008ef00000, 0x000000008ee00000| Untracked 
|  67|0x000000008ef00000, 0x000000008f000000, 0x000000008f000000|100%| O|  |TAMS 0x000000008f000000, 0x000000008ef00000| Untracked 
|  68|0x000000008f000000, 0x000000008f100000, 0x000000008f100000|100%| O|  |TAMS 0x000000008f100000, 0x000000008f000000| Untracked 
|  69|0x000000008f100000, 0x000000008f200000, 0x000000008f200000|100%| O|  |TAMS 0x000000008f200000, 0x000000008f100000| Untracked 
|  70|0x000000008f200000, 0x000000008f300000, 0x000000008f300000|100%| O|  |TAMS 0x000000008f300000, 0x000000008f200000| Untracked 
|  71|0x000000008f300000, 0x000000008f400000, 0x000000008f400000|100%| O|  |TAMS 0x000000008f400000, 0x000000008f300000| Untracked 
|  72|0x000000008f400000, 0x000000008f500000, 0x000000008f500000|100%| O|  |TAMS 0x000000008f500000, 0x000000008f400000| Untracked 
|  73|0x000000008f500000, 0x000000008f600000, 0x000000008f600000|100%| O|  |TAMS 0x000000008f600000, 0x000000008f500000| Untracked 
|  74|0x000000008f600000, 0x000000008f700000, 0x000000008f700000|100%| O|  |TAMS 0x000000008f700000, 0x000000008f600000| Untracked 
|  75|0x000000008f700000, 0x000000008f800000, 0x000000008f800000|100%| O|  |TAMS 0x000000008f800000, 0x000000008f700000| Untracked 
|  76|0x000000008f800000, 0x000000008f900000, 0x000000008f900000|100%| O|  |TAMS 0x000000008f900000, 0x000000008f800000| Untracked 
|  77|0x000000008f900000, 0x000000008fa00000, 0x000000008fa00000|100%| O|  |TAMS 0x000000008fa00000, 0x000000008f900000| Untracked 
|  78|0x000000008fa00000, 0x000000008fb00000, 0x000000008fb00000|100%| O|  |TAMS 0x000000008fb00000, 0x000000008fa00000| Untracked 
|  79|0x000000008fb00000, 0x000000008fc00000, 0x000000008fc00000|100%| O|  |TAMS 0x000000008fc00000, 0x000000008fb00000| Untracked 
|  80|0x000000008fc00000, 0x000000008fd00000, 0x000000008fd00000|100%| O|  |TAMS 0x000000008fd00000, 0x000000008fc00000| Untracked 
|  81|0x000000008fd00000, 0x000000008fe00000, 0x000000008fe00000|100%| O|  |TAMS 0x000000008fe00000, 0x000000008fd00000| Untracked 
|  82|0x000000008fe00000, 0x000000008ff00000, 0x000000008ff00000|100%| O|  |TAMS 0x000000008ff00000, 0x000000008fe00000| Untracked 
|  83|0x000000008ff00000, 0x0000000090000000, 0x0000000090000000|100%| O|  |TAMS 0x0000000090000000, 0x000000008ff00000| Untracked 
|  84|0x0000000090000000, 0x0000000090100000, 0x0000000090100000|100%| O|  |TAMS 0x0000000090049e00, 0x0000000090000000| Untracked 
|  85|0x0000000090100000, 0x0000000090200000, 0x0000000090200000|100%| O|  |TAMS 0x0000000090100000, 0x0000000090100000| Untracked 
|  86|0x0000000090200000, 0x0000000090300000, 0x0000000090300000|100%| O|  |TAMS 0x0000000090200000, 0x0000000090200000| Untracked 
|  87|0x0000000090300000, 0x0000000090400000, 0x0000000090400000|100%| O|  |TAMS 0x0000000090300000, 0x0000000090300000| Untracked 
|  88|0x0000000090400000, 0x0000000090500000, 0x0000000090500000|100%| O|  |TAMS 0x0000000090400000, 0x0000000090400000| Untracked 
|  89|0x0000000090500000, 0x0000000090600000, 0x0000000090600000|100%| O|  |TAMS 0x0000000090500000, 0x0000000090500000| Untracked 
|  90|0x0000000090600000, 0x00000000906ee200, 0x0000000090700000| 93%| O|  |TAMS 0x0000000090600000, 0x0000000090600000| Untracked 
|  91|0x0000000090700000, 0x0000000090700000, 0x0000000090800000|  0%| F|  |TAMS 0x0000000090700000, 0x0000000090700000| Untracked 
|  92|0x0000000090800000, 0x0000000090800000, 0x0000000090900000|  0%| F|  |TAMS 0x0000000090800000, 0x0000000090800000| Untracked 
|  93|0x0000000090900000, 0x0000000090900000, 0x0000000090a00000|  0%| F|  |TAMS 0x0000000090900000, 0x0000000090900000| Untracked 
|  94|0x0000000090a00000, 0x0000000090a00000, 0x0000000090b00000|  0%| F|  |TAMS 0x0000000090a00000, 0x0000000090a00000| Untracked 
|  95|0x0000000090b00000, 0x0000000090b00000, 0x0000000090c00000|  0%| F|  |TAMS 0x0000000090b00000, 0x0000000090b00000| Untracked 
|  96|0x0000000090c00000, 0x0000000090c00000, 0x0000000090d00000|  0%| F|  |TAMS 0x0000000090c00000, 0x0000000090c00000| Untracked 
|  97|0x0000000090d00000, 0x0000000090d00000, 0x0000000090e00000|  0%| F|  |TAMS 0x0000000090d00000, 0x0000000090d00000| Untracked 
|  98|0x0000000090e00000, 0x0000000090e00000, 0x0000000090f00000|  0%| F|  |TAMS 0x0000000090e00000, 0x0000000090e00000| Untracked 
|  99|0x0000000090f00000, 0x0000000090f00000, 0x0000000091000000|  0%| F|  |TAMS 0x0000000090f00000, 0x0000000090f00000| Untracked 
| 100|0x0000000091000000, 0x0000000091000000, 0x0000000091100000|  0%| F|  |TAMS 0x0000000091000000, 0x0000000091000000| Untracked 
| 101|0x0000000091100000, 0x0000000091100000, 0x0000000091200000|  0%| F|  |TAMS 0x0000000091100000, 0x0000000091100000| Untracked 
| 102|0x0000000091200000, 0x0000000091200000, 0x0000000091300000|  0%| F|  |TAMS 0x0000000091200000, 0x0000000091200000| Untracked 
| 103|0x0000000091300000, 0x0000000091300000, 0x0000000091400000|  0%| F|  |TAMS 0x0000000091300000, 0x0000000091300000| Untracked 
| 104|0x0000000091400000, 0x0000000091400000, 0x0000000091500000|  0%| F|  |TAMS 0x0000000091400000, 0x0000000091400000| Untracked 
| 105|0x0000000091500000, 0x0000000091500000, 0x0000000091600000|  0%| F|  |TAMS 0x0000000091500000, 0x0000000091500000| Untracked 
| 106|0x0000000091600000, 0x0000000091600000, 0x0000000091700000|  0%| F|  |TAMS 0x0000000091600000, 0x0000000091600000| Untracked 
| 107|0x0000000091700000, 0x0000000091700000, 0x0000000091800000|  0%| F|  |TAMS 0x0000000091700000, 0x0000000091700000| Untracked 
| 108|0x0000000091800000, 0x0000000091800000, 0x0000000091900000|  0%| F|  |TAMS 0x0000000091800000, 0x0000000091800000| Untracked 
| 109|0x0000000091900000, 0x0000000091900000, 0x0000000091a00000|  0%| F|  |TAMS 0x0000000091900000, 0x0000000091900000| Untracked 
| 110|0x0000000091a00000, 0x0000000091a00000, 0x0000000091b00000|  0%| F|  |TAMS 0x0000000091a00000, 0x0000000091a00000| Untracked 
| 111|0x0000000091b00000, 0x0000000091b00000, 0x0000000091c00000|  0%| F|  |TAMS 0x0000000091b00000, 0x0000000091b00000| Untracked 
| 112|0x0000000091c00000, 0x0000000091c00000, 0x0000000091d00000|  0%| F|  |TAMS 0x0000000091c00000, 0x0000000091c00000| Untracked 
| 113|0x0000000091d00000, 0x0000000091d00000, 0x0000000091e00000|  0%| F|  |TAMS 0x0000000091d00000, 0x0000000091d00000| Untracked 
| 114|0x0000000091e00000, 0x0000000091e00000, 0x0000000091f00000|  0%| F|  |TAMS 0x0000000091e00000, 0x0000000091e00000| Untracked 
| 115|0x0000000091f00000, 0x0000000091f00000, 0x0000000092000000|  0%| F|  |TAMS 0x0000000091f00000, 0x0000000091f00000| Untracked 
| 116|0x0000000092000000, 0x0000000092000000, 0x0000000092100000|  0%| F|  |TAMS 0x0000000092000000, 0x0000000092000000| Untracked 
| 117|0x0000000092100000, 0x0000000092100000, 0x0000000092200000|  0%| F|  |TAMS 0x0000000092100000, 0x0000000092100000| Untracked 
| 118|0x0000000092200000, 0x0000000092200000, 0x0000000092300000|  0%| F|  |TAMS 0x0000000092200000, 0x0000000092200000| Untracked 
| 119|0x0000000092300000, 0x0000000092300000, 0x0000000092400000|  0%| F|  |TAMS 0x0000000092300000, 0x0000000092300000| Untracked 
| 120|0x0000000092400000, 0x0000000092444ba0, 0x0000000092500000| 26%| S|CS|TAMS 0x0000000092400000, 0x0000000092400000| Complete 
| 121|0x0000000092500000, 0x0000000092600000, 0x0000000092600000|100%| S|CS|TAMS 0x0000000092500000, 0x0000000092500000| Complete 
| 122|0x0000000092600000, 0x0000000092700000, 0x0000000092700000|100%| S|CS|TAMS 0x0000000092600000, 0x0000000092600000| Complete 
| 123|0x0000000092700000, 0x0000000092800000, 0x0000000092800000|100%| S|CS|TAMS 0x0000000092700000, 0x0000000092700000| Complete 
| 124|0x0000000092800000, 0x0000000092900000, 0x0000000092900000|100%| S|CS|TAMS 0x0000000092800000, 0x0000000092800000| Complete 
| 125|0x0000000092900000, 0x0000000092a00000, 0x0000000092a00000|100%| S|CS|TAMS 0x0000000092900000, 0x0000000092900000| Complete 
| 126|0x0000000092a00000, 0x0000000092b00000, 0x0000000092b00000|100%| S|CS|TAMS 0x0000000092a00000, 0x0000000092a00000| Complete 
| 127|0x0000000092b00000, 0x0000000092c00000, 0x0000000092c00000|100%| S|CS|TAMS 0x0000000092b00000, 0x0000000092b00000| Complete 
| 128|0x0000000092c00000, 0x0000000092c00000, 0x0000000092d00000|  0%| F|  |TAMS 0x0000000092c00000, 0x0000000092c00000| Untracked 
| 129|0x0000000092d00000, 0x0000000092d00000, 0x0000000092e00000|  0%| F|  |TAMS 0x0000000092d00000, 0x0000000092d00000| Untracked 
| 130|0x0000000092e00000, 0x0000000092e00000, 0x0000000092f00000|  0%| F|  |TAMS 0x0000000092e00000, 0x0000000092e00000| Untracked 
| 131|0x0000000092f00000, 0x0000000092f00000, 0x0000000093000000|  0%| F|  |TAMS 0x0000000092f00000, 0x0000000092f00000| Untracked 
| 132|0x0000000093000000, 0x0000000093000000, 0x0000000093100000|  0%| F|  |TAMS 0x0000000093000000, 0x0000000093000000| Untracked 
| 133|0x0000000093100000, 0x0000000093100000, 0x0000000093200000|  0%| F|  |TAMS 0x0000000093100000, 0x0000000093100000| Untracked 
| 134|0x0000000093200000, 0x0000000093200000, 0x0000000093300000|  0%| F|  |TAMS 0x0000000093200000, 0x0000000093200000| Untracked 
| 135|0x0000000093300000, 0x0000000093300000, 0x0000000093400000|  0%| F|  |TAMS 0x0000000093300000, 0x0000000093300000| Untracked 
| 136|0x0000000093400000, 0x0000000093400000, 0x0000000093500000|  0%| F|  |TAMS 0x0000000093400000, 0x0000000093400000| Untracked 
| 137|0x0000000093500000, 0x0000000093500000, 0x0000000093600000|  0%| F|  |TAMS 0x0000000093500000, 0x0000000093500000| Untracked 
| 138|0x0000000093600000, 0x0000000093600000, 0x0000000093700000|  0%| F|  |TAMS 0x0000000093600000, 0x0000000093600000| Untracked 
| 139|0x0000000093700000, 0x0000000093700000, 0x0000000093800000|  0%| F|  |TAMS 0x0000000093700000, 0x0000000093700000| Untracked 
| 140|0x0000000093800000, 0x0000000093800000, 0x0000000093900000|  0%| F|  |TAMS 0x0000000093800000, 0x0000000093800000| Untracked 
| 141|0x0000000093900000, 0x0000000093900000, 0x0000000093a00000|  0%| F|  |TAMS 0x0000000093900000, 0x0000000093900000| Untracked 
| 142|0x0000000093a00000, 0x0000000093a00000, 0x0000000093b00000|  0%| F|  |TAMS 0x0000000093a00000, 0x0000000093a00000| Untracked 
| 143|0x0000000093b00000, 0x0000000093b00000, 0x0000000093c00000|  0%| F|  |TAMS 0x0000000093b00000, 0x0000000093b00000| Untracked 
| 144|0x0000000093c00000, 0x0000000093c00000, 0x0000000093d00000|  0%| F|  |TAMS 0x0000000093c00000, 0x0000000093c00000| Untracked 
| 145|0x0000000093d00000, 0x0000000093d00000, 0x0000000093e00000|  0%| F|  |TAMS 0x0000000093d00000, 0x0000000093d00000| Untracked 
| 146|0x0000000093e00000, 0x0000000093e00000, 0x0000000093f00000|  0%| F|  |TAMS 0x0000000093e00000, 0x0000000093e00000| Untracked 
| 147|0x0000000093f00000, 0x0000000093f00000, 0x0000000094000000|  0%| F|  |TAMS 0x0000000093f00000, 0x0000000093f00000| Untracked 
| 148|0x0000000094000000, 0x0000000094000000, 0x0000000094100000|  0%| F|  |TAMS 0x0000000094000000, 0x0000000094000000| Untracked 
| 149|0x0000000094100000, 0x0000000094100000, 0x0000000094200000|  0%| F|  |TAMS 0x0000000094100000, 0x0000000094100000| Untracked 
| 150|0x0000000094200000, 0x0000000094200000, 0x0000000094300000|  0%| F|  |TAMS 0x0000000094200000, 0x0000000094200000| Untracked 
| 151|0x0000000094300000, 0x0000000094300000, 0x0000000094400000|  0%| F|  |TAMS 0x0000000094300000, 0x0000000094300000| Untracked 
| 152|0x0000000094400000, 0x0000000094400000, 0x0000000094500000|  0%| F|  |TAMS 0x0000000094400000, 0x0000000094400000| Untracked 
| 153|0x0000000094500000, 0x0000000094500000, 0x0000000094600000|  0%| F|  |TAMS 0x0000000094500000, 0x0000000094500000| Untracked 
| 154|0x0000000094600000, 0x0000000094600000, 0x0000000094700000|  0%| F|  |TAMS 0x0000000094600000, 0x0000000094600000| Untracked 
| 155|0x0000000094700000, 0x0000000094700000, 0x0000000094800000|  0%| F|  |TAMS 0x0000000094700000, 0x0000000094700000| Untracked 
| 156|0x0000000094800000, 0x0000000094800000, 0x0000000094900000|  0%| F|  |TAMS 0x0000000094800000, 0x0000000094800000| Untracked 
| 157|0x0000000094900000, 0x0000000094900000, 0x0000000094a00000|  0%| F|  |TAMS 0x0000000094900000, 0x0000000094900000| Untracked 
| 158|0x0000000094a00000, 0x0000000094a00000, 0x0000000094b00000|  0%| F|  |TAMS 0x0000000094a00000, 0x0000000094a00000| Untracked 
| 159|0x0000000094b00000, 0x0000000094b00000, 0x0000000094c00000|  0%| F|  |TAMS 0x0000000094b00000, 0x0000000094b00000| Untracked 
| 160|0x0000000094c00000, 0x0000000094c00000, 0x0000000094d00000|  0%| F|  |TAMS 0x0000000094c00000, 0x0000000094c00000| Untracked 
| 161|0x0000000094d00000, 0x0000000094d00000, 0x0000000094e00000|  0%| F|  |TAMS 0x0000000094d00000, 0x0000000094d00000| Untracked 
| 162|0x0000000094e00000, 0x0000000094e00000, 0x0000000094f00000|  0%| F|  |TAMS 0x0000000094e00000, 0x0000000094e00000| Untracked 
| 163|0x0000000094f00000, 0x0000000094f00000, 0x0000000095000000|  0%| F|  |TAMS 0x0000000094f00000, 0x0000000094f00000| Untracked 
| 164|0x0000000095000000, 0x0000000095000000, 0x0000000095100000|  0%| F|  |TAMS 0x0000000095000000, 0x0000000095000000| Untracked 
| 165|0x0000000095100000, 0x0000000095100000, 0x0000000095200000|  0%| F|  |TAMS 0x0000000095100000, 0x0000000095100000| Untracked 
| 166|0x0000000095200000, 0x0000000095200000, 0x0000000095300000|  0%| F|  |TAMS 0x0000000095200000, 0x0000000095200000| Untracked 
| 167|0x0000000095300000, 0x0000000095300000, 0x0000000095400000|  0%| F|  |TAMS 0x0000000095300000, 0x0000000095300000| Untracked 
| 168|0x0000000095400000, 0x0000000095400000, 0x0000000095500000|  0%| F|  |TAMS 0x0000000095400000, 0x0000000095400000| Untracked 
| 169|0x0000000095500000, 0x0000000095500000, 0x0000000095600000|  0%| F|  |TAMS 0x0000000095500000, 0x0000000095500000| Untracked 
| 170|0x0000000095600000, 0x0000000095600000, 0x0000000095700000|  0%| F|  |TAMS 0x0000000095600000, 0x0000000095600000| Untracked 
| 171|0x0000000095700000, 0x0000000095700000, 0x0000000095800000|  0%| F|  |TAMS 0x0000000095700000, 0x0000000095700000| Untracked 
| 172|0x0000000095800000, 0x0000000095800000, 0x0000000095900000|  0%| F|  |TAMS 0x0000000095800000, 0x0000000095800000| Untracked 
| 173|0x0000000095900000, 0x0000000095900000, 0x0000000095a00000|  0%| F|  |TAMS 0x0000000095900000, 0x0000000095900000| Untracked 
| 174|0x0000000095a00000, 0x0000000095a00000, 0x0000000095b00000|  0%| F|  |TAMS 0x0000000095a00000, 0x0000000095a00000| Untracked 
| 175|0x0000000095b00000, 0x0000000095b00000, 0x0000000095c00000|  0%| F|  |TAMS 0x0000000095b00000, 0x0000000095b00000| Untracked 
| 176|0x0000000095c00000, 0x0000000095c00000, 0x0000000095d00000|  0%| F|  |TAMS 0x0000000095c00000, 0x0000000095c00000| Untracked 
| 177|0x0000000095d00000, 0x0000000095d00000, 0x0000000095e00000|  0%| F|  |TAMS 0x0000000095d00000, 0x0000000095d00000| Untracked 
| 178|0x0000000095e00000, 0x0000000095e00000, 0x0000000095f00000|  0%| F|  |TAMS 0x0000000095e00000, 0x0000000095e00000| Untracked 
| 179|0x0000000095f00000, 0x0000000096000000, 0x0000000096000000|100%| E|  |TAMS 0x0000000095f00000, 0x0000000095f00000| Complete 
| 180|0x0000000096000000, 0x0000000096100000, 0x0000000096100000|100%| E|CS|TAMS 0x0000000096000000, 0x0000000096000000| Complete 
| 181|0x0000000096100000, 0x0000000096200000, 0x0000000096200000|100%| E|CS|TAMS 0x0000000096100000, 0x0000000096100000| Complete 
| 182|0x0000000096200000, 0x0000000096300000, 0x0000000096300000|100%| E|CS|TAMS 0x0000000096200000, 0x0000000096200000| Complete 
| 183|0x0000000096300000, 0x0000000096400000, 0x0000000096400000|100%| E|CS|TAMS 0x0000000096300000, 0x0000000096300000| Complete 
| 184|0x0000000096400000, 0x0000000096500000, 0x0000000096500000|100%| E|CS|TAMS 0x0000000096400000, 0x0000000096400000| Complete 
| 185|0x0000000096500000, 0x0000000096600000, 0x0000000096600000|100%| E|CS|TAMS 0x0000000096500000, 0x0000000096500000| Complete 
| 186|0x0000000096600000, 0x0000000096700000, 0x0000000096700000|100%| E|CS|TAMS 0x0000000096600000, 0x0000000096600000| Complete 
| 187|0x0000000096700000, 0x0000000096800000, 0x0000000096800000|100%| E|CS|TAMS 0x0000000096700000, 0x0000000096700000| Complete 
| 188|0x0000000096800000, 0x0000000096900000, 0x0000000096900000|100%| E|CS|TAMS 0x0000000096800000, 0x0000000096800000| Complete 
| 189|0x0000000096900000, 0x0000000096a00000, 0x0000000096a00000|100%| E|CS|TAMS 0x0000000096900000, 0x0000000096900000| Complete 
| 190|0x0000000096a00000, 0x0000000096b00000, 0x0000000096b00000|100%| E|CS|TAMS 0x0000000096a00000, 0x0000000096a00000| Complete 
| 191|0x0000000096b00000, 0x0000000096c00000, 0x0000000096c00000|100%| E|CS|TAMS 0x0000000096b00000, 0x0000000096b00000| Complete 
| 192|0x0000000096c00000, 0x0000000096d00000, 0x0000000096d00000|100%| E|CS|TAMS 0x0000000096c00000, 0x0000000096c00000| Complete 
| 193|0x0000000096d00000, 0x0000000096e00000, 0x0000000096e00000|100%| E|CS|TAMS 0x0000000096d00000, 0x0000000096d00000| Complete 
| 194|0x0000000096e00000, 0x0000000096f00000, 0x0000000096f00000|100%| E|CS|TAMS 0x0000000096e00000, 0x0000000096e00000| Complete 
| 195|0x0000000096f00000, 0x0000000097000000, 0x0000000097000000|100%| E|CS|TAMS 0x0000000096f00000, 0x0000000096f00000| Complete 
| 196|0x0000000097000000, 0x0000000097100000, 0x0000000097100000|100%| E|CS|TAMS 0x0000000097000000, 0x0000000097000000| Complete 
| 197|0x0000000097100000, 0x0000000097200000, 0x0000000097200000|100%| E|CS|TAMS 0x0000000097100000, 0x0000000097100000| Complete 
| 198|0x0000000097200000, 0x0000000097300000, 0x0000000097300000|100%| E|CS|TAMS 0x0000000097200000, 0x0000000097200000| Complete 
| 199|0x0000000097300000, 0x0000000097400000, 0x0000000097400000|100%| E|CS|TAMS 0x0000000097300000, 0x0000000097300000| Complete 
| 200|0x0000000097400000, 0x0000000097500000, 0x0000000097500000|100%| E|CS|TAMS 0x0000000097400000, 0x0000000097400000| Complete 
| 201|0x0000000097500000, 0x0000000097600000, 0x0000000097600000|100%| E|CS|TAMS 0x0000000097500000, 0x0000000097500000| Complete 
| 202|0x0000000097600000, 0x0000000097700000, 0x0000000097700000|100%| E|CS|TAMS 0x0000000097600000, 0x0000000097600000| Complete 
| 203|0x0000000097700000, 0x0000000097800000, 0x0000000097800000|100%| E|CS|TAMS 0x0000000097700000, 0x0000000097700000| Complete 
| 204|0x0000000097800000, 0x0000000097900000, 0x0000000097900000|100%| E|CS|TAMS 0x0000000097800000, 0x0000000097800000| Complete 
| 205|0x0000000097900000, 0x0000000097a00000, 0x0000000097a00000|100%| E|CS|TAMS 0x0000000097900000, 0x0000000097900000| Complete 
| 206|0x0000000097a00000, 0x0000000097b00000, 0x0000000097b00000|100%| E|CS|TAMS 0x0000000097a00000, 0x0000000097a00000| Complete 
| 207|0x0000000097b00000, 0x0000000097c00000, 0x0000000097c00000|100%| E|CS|TAMS 0x0000000097b00000, 0x0000000097b00000| Complete 
| 208|0x0000000097c00000, 0x0000000097d00000, 0x0000000097d00000|100%| E|CS|TAMS 0x0000000097c00000, 0x0000000097c00000| Complete 

Card table byte_map: [0x000001de25e80000,0x000001de26230000] _byte_map_base: 0x000001de25a2a000

Marking Bits (Prev, Next): (CMBitMap*) 0x000001de0cdcf0e0, (CMBitMap*) 0x000001de0cdcf0a0
 Prev Bits: [0x000001de28330000, 0x000001de2a080000)
 Next Bits: [0x000001de265e0000, 0x000001de28330000)

Polling page: 0x000001de0ce60000

Metaspace:

Usage:
  Non-class:     23.50 MB used.
      Class:      2.88 MB used.
       Both:     26.38 MB used.

Virtual space:
  Non-class space:       32.00 MB reserved,      23.69 MB ( 74%) committed,  4 nodes.
      Class space:        1.00 GB reserved,       3.06 MB ( <1%) committed,  1 nodes.
             Both:        1.03 GB reserved,      26.75 MB (  3%) committed. 

Chunk freelists:
   Non-Class:  3.97 MB
       Class:  896.00 KB
        Both:  4.84 MB

MaxMetaspaceSize: unlimited
CompressedClassSpaceSize: 1.00 GB
Initial GC threshold: 21.00 MB
Current GC threshold: 44.63 MB
CDS: on
MetaspaceReclaimPolicy: balanced
 - commit_granule_bytes: 65536.
 - commit_granule_words: 8192.
 - virtual_space_node_default_size: 1048576.
 - enlarge_chunks_in_place: 1.
 - new_chunks_are_fully_committed: 0.
 - uncommit_free_chunks: 1.
 - use_allocation_guard: 0.
 - handle_deallocations: 1.


Internal statistics:

num_allocs_failed_limit: 3.
num_arena_births: 144.
num_arena_deaths: 0.
num_vsnodes_births: 5.
num_vsnodes_deaths: 0.
num_space_committed: 428.
num_space_uncommitted: 0.
num_chunks_returned_to_freelist: 3.
num_chunks_taken_from_freelist: 926.
num_chunk_merges: 3.
num_chunk_splits: 668.
num_chunks_enlarged: 526.
num_purges: 0.
num_inconsistent_stats: 0.

CodeHeap 'non-profiled nmethods': size=120000Kb used=5296Kb max_used=5296Kb free=114703Kb
 bounds [0x000001de1db40000, 0x000001de1e070000, 0x000001de25070000]
CodeHeap 'profiled nmethods': size=120000Kb used=12488Kb max_used=12488Kb free=107511Kb
 bounds [0x000001de16610000, 0x000001de17250000, 0x000001de1db40000]
CodeHeap 'non-nmethods': size=5760Kb used=1314Kb max_used=1358Kb free=4445Kb
 bounds [0x000001de16070000, 0x000001de162e0000, 0x000001de16610000]
 total_blobs=6441 nmethods=5889 adapters=462
 compilation: enabled
              stopped_count=0, restarted_count=0
 full_count=0

Compilation events (20 events):
Event: 91.255 Thread 0x000001de2caf22b0 nmethod 6844 0x000001de1e063190 code [0x000001de1e063300, 0x000001de1e0633b8]
Event: 91.269 Thread 0x000001de2caf22b0 6845   !   4       java.util.zip.ZipFile$Source::getEntryPos (173 bytes)
Event: 91.324 Thread 0x000001de2caf22b0 nmethod 6845 0x000001de1e063490 code [0x000001de1e063660, 0x000001de1e064758]
Event: 91.324 Thread 0x000001de2caf22b0 6846       4       net.md_5.specialsource.JarRemapper::mapFieldName (36 bytes)
Event: 91.328 Thread 0x000001de2caf22b0 nmethod 6846 0x000001de1e065290 code [0x000001de1e065420, 0x000001de1e065508]
Event: 91.508 Thread 0x000001de2caf22b0 6847       4       java.util.jar.JarEntry::<init> (6 bytes)
Event: 91.511 Thread 0x000001de2caf22b0 nmethod 6847 0x000001de1e065610 code [0x000001de1e065780, 0x000001de1e065938]
Event: 91.683 Thread 0x000001de2caf22b0 6848       4       org.objectweb.asm.signature.SignatureWriter::visitTypeVariable (30 bytes)
Event: 91.710 Thread 0x000001de2caf22b0 nmethod 6848 0x000001de1e065a90 code [0x000001de1e065ca0, 0x000001de1e066db0]
Event: 91.711 Thread 0x000001de2caf22b0 6849       4       java.util.zip.ZipOutputStream::writeExtra (106 bytes)
Event: 91.713 Thread 0x000001de2caf22b0 nmethod 6849 0x000001de1e067690 code [0x000001de1e067840, 0x000001de1e067a40]
Event: 91.940 Thread 0x000001de2caf22b0 6850       4       java.util.concurrent.locks.ReentrantLock$NonfairSync::initialTryLock (58 bytes)
Event: 91.944 Thread 0x000001de2caf22b0 nmethod 6850 0x000001de1e067c10 code [0x000001de1e067d80, 0x000001de1e067f18]
Event: 91.954 Thread 0x000001de2caf22b0 6851   !   4       java.util.zip.Deflater::setInput (69 bytes)
Event: 91.958 Thread 0x000001de2caf22b0 nmethod 6851 0x000001de1e067f90 code [0x000001de1e068120, 0x000001de1e0684b8]
Event: 91.978 Thread 0x000001de2caf22b0 6852       4       org.objectweb.asm.MethodVisitor::visitCode (15 bytes)
Event: 91.978 Thread 0x000001de2caf22b0 nmethod 6852 0x000001de1e068690 code [0x000001de1e068800, 0x000001de1e0688b8]
Event: 91.978 Thread 0x000001de2caf22b0 6853       4       org.objectweb.asm.MethodVisitor::visitMaxs (17 bytes)
Event: 91.980 Thread 0x000001de2caf22b0 nmethod 6853 0x000001de1e068990 code [0x000001de1e068b00, 0x000001de1e068bd8]
Event: 91.987 Thread 0x000001de2caf22b0 6854       4       org.objectweb.asm.Handler::putExceptionTable (63 bytes)

GC Heap History (20 events):
Event: 84.864 GC heap before
{Heap before GC invocations=32 (full 4):
 garbage-first heap   total 163840K, used 125880K [0x000000008ac00000, 0x0000000100000000)
  region size 1024K, 62 young (63488K), 5 survivors (5120K)
 Metaspace       used 26970K, committed 27328K, reserved 1073152K
  class space    used 2951K, committed 3136K, reserved 1048576K
}
Event: 84.877 GC heap after
{Heap after GC invocations=33 (full 4):
 garbage-first heap   total 163840K, used 72291K [0x000000008ac00000, 0x0000000100000000)
  region size 1024K, 5 young (5120K), 5 survivors (5120K)
 Metaspace       used 26970K, committed 27328K, reserved 1073152K
  class space    used 2951K, committed 3136K, reserved 1048576K
}
Event: 85.727 GC heap before
{Heap before GC invocations=33 (full 4):
 garbage-first heap   total 163840K, used 127587K [0x000000008ac00000, 0x0000000100000000)
  region size 1024K, 59 young (60416K), 5 survivors (5120K)
 Metaspace       used 26976K, committed 27328K, reserved 1073152K
  class space    used 2952K, committed 3136K, reserved 1048576K
}
Event: 85.738 GC heap after
{Heap after GC invocations=34 (full 4):
 garbage-first heap   total 163840K, used 77261K [0x000000008ac00000, 0x0000000100000000)
  region size 1024K, 5 young (5120K), 5 survivors (5120K)
 Metaspace       used 26976K, committed 27328K, reserved 1073152K
  class space    used 2952K, committed 3136K, reserved 1048576K
}
Event: 86.447 GC heap before
{Heap before GC invocations=34 (full 4):
 garbage-first heap   total 163840K, used 129485K [0x000000008ac00000, 0x0000000100000000)
  region size 1024K, 56 young (57344K), 5 survivors (5120K)
 Metaspace       used 26980K, committed 27392K, reserved 1081344K
  class space    used 2952K, committed 3136K, reserved 1048576K
}
Event: 86.456 GC heap after
{Heap after GC invocations=35 (full 4):
 garbage-first heap   total 163840K, used 81957K [0x000000008ac00000, 0x0000000100000000)
  region size 1024K, 5 young (5120K), 5 survivors (5120K)
 Metaspace       used 26980K, committed 27392K, reserved 1081344K
  class space    used 2952K, committed 3136K, reserved 1048576K
}
Event: 86.986 GC heap before
{Heap before GC invocations=35 (full 4):
 garbage-first heap   total 163840K, used 130085K [0x000000008ac00000, 0x0000000100000000)
  region size 1024K, 52 young (53248K), 5 survivors (5120K)
 Metaspace       used 26993K, committed 27392K, reserved 1081344K
  class space    used 2952K, committed 3136K, reserved 1048576K
}
Event: 86.995 GC heap after
{Heap after GC invocations=36 (full 4):
 garbage-first heap   total 163840K, used 86882K [0x000000008ac00000, 0x0000000100000000)
  region size 1024K, 5 young (5120K), 5 survivors (5120K)
 Metaspace       used 26993K, committed 27392K, reserved 1081344K
  class space    used 2952K, committed 3136K, reserved 1048576K
}
Event: 87.563 GC heap before
{Heap before GC invocations=37 (full 4):
 garbage-first heap   total 163840K, used 126818K [0x000000008ac00000, 0x0000000100000000)
  region size 1024K, 49 young (50176K), 5 survivors (5120K)
 Metaspace       used 26999K, committed 27392K, reserved 1081344K
  class space    used 2952K, committed 3136K, reserved 1048576K
}
Event: 87.575 GC heap after
{Heap after GC invocations=38 (full 4):
 garbage-first heap   total 163840K, used 85589K [0x000000008ac00000, 0x0000000100000000)
  region size 1024K, 4 young (4096K), 4 survivors (4096K)
 Metaspace       used 26999K, committed 27392K, reserved 1081344K
  class space    used 2952K, committed 3136K, reserved 1048576K
}
Event: 87.652 GC heap before
{Heap before GC invocations=38 (full 4):
 garbage-first heap   total 163840K, used 89685K [0x000000008ac00000, 0x0000000100000000)
  region size 1024K, 8 young (8192K), 4 survivors (4096K)
 Metaspace       used 27000K, committed 27392K, reserved 1081344K
  class space    used 2952K, committed 3136K, reserved 1048576K
}
Event: 87.660 GC heap after
{Heap after GC invocations=39 (full 4):
 garbage-first heap   total 163840K, used 85154K [0x000000008ac00000, 0x0000000100000000)
  region size 1024K, 1 young (1024K), 1 survivors (1024K)
 Metaspace       used 27000K, committed 27392K, reserved 1081344K
  class space    used 2952K, committed 3136K, reserved 1048576K
}
Event: 88.407 GC heap before
{Heap before GC invocations=39 (full 4):
 garbage-first heap   total 163840K, used 132258K [0x000000008ac00000, 0x0000000100000000)
  region size 1024K, 47 young (48128K), 1 survivors (1024K)
 Metaspace       used 27001K, committed 27392K, reserved 1081344K
  class space    used 2952K, committed 3136K, reserved 1048576K
}
Event: 88.413 GC heap after
{Heap after GC invocations=40 (full 4):
 garbage-first heap   total 214016K, used 87710K [0x000000008ac00000, 0x0000000100000000)
  region size 1024K, 4 young (4096K), 4 survivors (4096K)
 Metaspace       used 27001K, committed 27392K, reserved 1081344K
  class space    used 2952K, committed 3136K, reserved 1048576K
}
Event: 89.710 GC heap before
{Heap before GC invocations=41 (full 4):
 garbage-first heap   total 214016K, used 170654K [0x000000008ac00000, 0x0000000100000000)
  region size 1024K, 85 young (87040K), 4 survivors (4096K)
 Metaspace       used 27002K, committed 27392K, reserved 1081344K
  class space    used 2952K, committed 3136K, reserved 1048576K
}
Event: 89.717 GC heap after
{Heap after GC invocations=42 (full 4):
 garbage-first heap   total 214016K, used 92327K [0x000000008ac00000, 0x0000000100000000)
  region size 1024K, 8 young (8192K), 8 survivors (8192K)
 Metaspace       used 27002K, committed 27392K, reserved 1081344K
  class space    used 2952K, committed 3136K, reserved 1048576K
}
Event: 89.731 GC heap before
{Heap before GC invocations=42 (full 4):
 garbage-first heap   total 214016K, used 94375K [0x000000008ac00000, 0x0000000100000000)
  region size 1024K, 10 young (10240K), 8 survivors (8192K)
 Metaspace       used 27002K, committed 27392K, reserved 1081344K
  class space    used 2952K, committed 3136K, reserved 1048576K
}
Event: 89.736 GC heap after
{Heap after GC invocations=43 (full 4):
 garbage-first heap   total 214016K, used 91239K [0x000000008ac00000, 0x0000000100000000)
  region size 1024K, 1 young (1024K), 1 survivors (1024K)
 Metaspace       used 27002K, committed 27392K, reserved 1081344K
  class space    used 2952K, committed 3136K, reserved 1048576K
}
Event: 91.433 GC heap before
{Heap before GC invocations=43 (full 4):
 garbage-first heap   total 214016K, used 173159K [0x000000008ac00000, 0x0000000100000000)
  region size 1024K, 81 young (82944K), 1 survivors (1024K)
 Metaspace       used 27011K, committed 27392K, reserved 1081344K
  class space    used 2952K, committed 3136K, reserved 1048576K
}
Event: 91.439 GC heap after
{Heap after GC invocations=44 (full 4):
 garbage-first heap   total 214016K, used 97658K [0x000000008ac00000, 0x0000000100000000)
  region size 1024K, 8 young (8192K), 8 survivors (8192K)
 Metaspace       used 27011K, committed 27392K, reserved 1081344K
  class space    used 2952K, committed 3136K, reserved 1048576K
}

Deoptimization events (20 events):
Event: 88.260 Thread 0x000001de0cd8f630 Uncommon trap: trap_request=0xffffffbe fr.pc=0x000001de1dfdaed4 relative=0x0000000000009c54
Event: 88.260 Thread 0x000001de0cd8f630 Uncommon trap: reason=profile_predicate action=maybe_recompile pc=0x000001de1dfdaed4 method=org.objectweb.asm.ClassReader.accept(Lorg/objectweb/asm/ClassVisitor;[Lorg/objectweb/asm/Attribute;I)V @ 840 c2
Event: 88.260 Thread 0x000001de0cd8f630 DEOPT PACKING pc=0x000001de1dfdaed4 sp=0x0000003bbccfd210
Event: 88.260 Thread 0x000001de0cd8f630 DEOPT UNPACKING pc=0x000001de160c23a3 sp=0x0000003bbccfd188 mode 2
Event: 88.261 Thread 0x000001de0cd8f630 Uncommon trap: trap_request=0xffffffbe fr.pc=0x000001de1dfdaed4 relative=0x0000000000009c54
Event: 88.261 Thread 0x000001de0cd8f630 Uncommon trap: reason=profile_predicate action=maybe_recompile pc=0x000001de1dfdaed4 method=org.objectweb.asm.ClassReader.accept(Lorg/objectweb/asm/ClassVisitor;[Lorg/objectweb/asm/Attribute;I)V @ 840 c2
Event: 88.261 Thread 0x000001de0cd8f630 DEOPT PACKING pc=0x000001de1dfdaed4 sp=0x0000003bbccfd040
Event: 88.261 Thread 0x000001de0cd8f630 DEOPT UNPACKING pc=0x000001de160c23a3 sp=0x0000003bbccfcfb8 mode 2
Event: 89.272 Thread 0x000001de0cd8f630 DEOPT PACKING pc=0x000001de1668e836 sp=0x0000003bbccfd610
Event: 89.272 Thread 0x000001de0cd8f630 DEOPT UNPACKING pc=0x000001de160c2b43 sp=0x0000003bbccfcb18 mode 0
Event: 89.398 Thread 0x000001de0cd8f630 DEOPT PACKING pc=0x000001de1668e836 sp=0x0000003bbccfd610
Event: 89.398 Thread 0x000001de0cd8f630 DEOPT UNPACKING pc=0x000001de160c2b43 sp=0x0000003bbccfcb18 mode 0
Event: 90.413 Thread 0x000001de0cd8f630 Uncommon trap: trap_request=0xffffff45 fr.pc=0x000001de1e015d10 relative=0x0000000000000730
Event: 90.413 Thread 0x000001de0cd8f630 Uncommon trap: reason=unstable_if action=reinterpret pc=0x000001de1e015d10 method=org.objectweb.asm.MethodWriter.visitFieldInsn(ILjava/lang/String;Ljava/lang/String;Ljava/lang/String;)V @ 128 c2
Event: 90.413 Thread 0x000001de0cd8f630 DEOPT PACKING pc=0x000001de1e015d10 sp=0x0000003bbccfd610
Event: 90.413 Thread 0x000001de0cd8f630 DEOPT UNPACKING pc=0x000001de160c23a3 sp=0x0000003bbccfd568 mode 2
Event: 90.413 Thread 0x000001de0cd8f630 Uncommon trap: trap_request=0xffffff45 fr.pc=0x000001de1e014cc8 relative=0x0000000000000688
Event: 90.413 Thread 0x000001de0cd8f630 Uncommon trap: reason=unstable_if action=reinterpret pc=0x000001de1e014cc8 method=org.objectweb.asm.MethodWriter.visitFieldInsn(ILjava/lang/String;Ljava/lang/String;Ljava/lang/String;)V @ 128 c2
Event: 90.413 Thread 0x000001de0cd8f630 DEOPT PACKING pc=0x000001de1e014cc8 sp=0x0000003bbccfd560
Event: 90.413 Thread 0x000001de0cd8f630 DEOPT UNPACKING pc=0x000001de160c23a3 sp=0x0000003bbccfd558 mode 2

Classes unloaded (0 events):
No events

Classes redefined (0 events):
No events

Internal exceptions (20 events):
Event: 40.505 Thread 0x000001de2e52ad30 Exception <a 'java/net/SocketException'{0x000000008e8122e8}: Socket is not connected: shutdown> (0x000000008e8122e8) 
thrown [c:\wsjdk\corretto17src\installers\windows\zip\corretto-build\buildroot\src\hotspot\share\prims\jni.cpp, line 535]
Event: 42.836 Thread 0x000001de0cd8f630 Exception <a 'java/net/ConnectException'{0x000000008e27d358}: Connection refused: connect> (0x000000008e27d358) 
thrown [c:\wsjdk\corretto17src\installers\windows\zip\corretto-build\buildroot\src\hotspot\share\prims\jni.cpp, line 535]
Event: 42.836 Thread 0x000001de0cd8f630 Exception <a 'java/net/SocketException'{0x000000008e27dbe0}: Socket is not connected: shutdown> (0x000000008e27dbe0) 
thrown [c:\wsjdk\corretto17src\installers\windows\zip\corretto-build\buildroot\src\hotspot\share\prims\jni.cpp, line 535]
Event: 45.692 Thread 0x000001de0cd8f630 Exception <a 'java/net/ConnectException'{0x0000000091b8aff8}: Connection refused: connect> (0x0000000091b8aff8) 
thrown [c:\wsjdk\corretto17src\installers\windows\zip\corretto-build\buildroot\src\hotspot\share\prims\jni.cpp, line 535]
Event: 45.692 Thread 0x000001de0cd8f630 Exception <a 'java/net/SocketException'{0x0000000091b8b880}: Socket is not connected: shutdown> (0x0000000091b8b880) 
thrown [c:\wsjdk\corretto17src\installers\windows\zip\corretto-build\buildroot\src\hotspot\share\prims\jni.cpp, line 535]
Event: 47.804 Thread 0x000001de0cd8f630 Exception <a 'java/net/ConnectException'{0x00000000919a5840}: Connection refused: connect> (0x00000000919a5840) 
thrown [c:\wsjdk\corretto17src\installers\windows\zip\corretto-build\buildroot\src\hotspot\share\prims\jni.cpp, line 535]
Event: 47.805 Thread 0x000001de0cd8f630 Exception <a 'java/net/SocketException'{0x00000000919a60c8}: Socket is not connected: shutdown> (0x00000000919a60c8) 
thrown [c:\wsjdk\corretto17src\installers\windows\zip\corretto-build\buildroot\src\hotspot\share\prims\jni.cpp, line 535]
Event: 49.959 Thread 0x000001de0cd8f630 Exception <a 'java/net/ConnectException'{0x000000009171c7e0}: Connection refused: connect> (0x000000009171c7e0) 
thrown [c:\wsjdk\corretto17src\installers\windows\zip\corretto-build\buildroot\src\hotspot\share\prims\jni.cpp, line 535]
Event: 49.959 Thread 0x000001de0cd8f630 Exception <a 'java/net/SocketException'{0x000000009171d068}: Socket is not connected: shutdown> (0x000000009171d068) 
thrown [c:\wsjdk\corretto17src\installers\windows\zip\corretto-build\buildroot\src\hotspot\share\prims\jni.cpp, line 535]
Event: 52.025 Thread 0x000001de0cd8f630 Exception <a 'java/net/ConnectException'{0x000000009160c6e0}: Connection refused: connect> (0x000000009160c6e0) 
thrown [c:\wsjdk\corretto17src\installers\windows\zip\corretto-build\buildroot\src\hotspot\share\prims\jni.cpp, line 535]
Event: 52.025 Thread 0x000001de0cd8f630 Exception <a 'java/net/SocketException'{0x000000009160cf68}: Socket is not connected: shutdown> (0x000000009160cf68) 
thrown [c:\wsjdk\corretto17src\installers\windows\zip\corretto-build\buildroot\src\hotspot\share\prims\jni.cpp, line 535]
Event: 55.093 Thread 0x000001de0cd8f630 Exception <a 'java/net/ConnectException'{0x000000008cf59af0}: Connection refused: connect> (0x000000008cf59af0) 
thrown [c:\wsjdk\corretto17src\installers\windows\zip\corretto-build\buildroot\src\hotspot\share\prims\jni.cpp, line 535]
Event: 55.093 Thread 0x000001de0cd8f630 Exception <a 'java/net/SocketException'{0x000000008cf5a378}: Socket is not connected: shutdown> (0x000000008cf5a378) 
thrown [c:\wsjdk\corretto17src\installers\windows\zip\corretto-build\buildroot\src\hotspot\share\prims\jni.cpp, line 535]
Event: 57.218 Thread 0x000001de0cd8f630 Exception <a 'java/net/ConnectException'{0x000000008cdc8130}: Connection refused: connect> (0x000000008cdc8130) 
thrown [c:\wsjdk\corretto17src\installers\windows\zip\corretto-build\buildroot\src\hotspot\share\prims\jni.cpp, line 535]
Event: 57.218 Thread 0x000001de0cd8f630 Exception <a 'java/net/SocketException'{0x000000008cdc89b8}: Socket is not connected: shutdown> (0x000000008cdc89b8) 
thrown [c:\wsjdk\corretto17src\installers\windows\zip\corretto-build\buildroot\src\hotspot\share\prims\jni.cpp, line 535]
Event: 69.600 Thread 0x000001de0cd8f630 Exception <a 'java/lang/NoClassDefFoundError'{0x000000008cfad9a0}: org/sonatype/aether/graph/DependencyNode> (0x000000008cfad9a0) 
thrown [c:\wsjdk\corretto17src\installers\windows\zip\corretto-build\buildroot\src\hotspot\share\classfile\systemDictionary.cpp, line 245]
Event: 75.992 Thread 0x000001de0cd8f630 Exception <a 'java/net/ConnectException'{0x000000008ce5a788}: Connection refused: connect> (0x000000008ce5a788) 
thrown [c:\wsjdk\corretto17src\installers\windows\zip\corretto-build\buildroot\src\hotspot\share\prims\jni.cpp, line 535]
Event: 75.992 Thread 0x000001de0cd8f630 Exception <a 'java/net/SocketException'{0x000000008ce5b010}: Socket is not connected: shutdown> (0x000000008ce5b010) 
thrown [c:\wsjdk\corretto17src\installers\windows\zip\corretto-build\buildroot\src\hotspot\share\prims\jni.cpp, line 535]
Event: 79.500 Thread 0x000001de0cd8f630 Exception <a 'java/net/ConnectException'{0x00000000909b4fc8}: Connection refused: connect> (0x00000000909b4fc8) 
thrown [c:\wsjdk\corretto17src\installers\windows\zip\corretto-build\buildroot\src\hotspot\share\prims\jni.cpp, line 535]
Event: 79.500 Thread 0x000001de0cd8f630 Exception <a 'java/net/SocketException'{0x00000000909b5850}: Socket is not connected: shutdown> (0x00000000909b5850) 
thrown [c:\wsjdk\corretto17src\installers\windows\zip\corretto-build\buildroot\src\hotspot\share\prims\jni.cpp, line 535]

VM Operations (20 events):
Event: 87.563 Executing VM operation: G1CollectForAllocation
Event: 87.575 Executing VM operation: G1CollectForAllocation done
Event: 87.652 Executing VM operation: G1CollectForAllocation
Event: 87.660 Executing VM operation: G1CollectForAllocation done
Event: 88.407 Executing VM operation: G1CollectForAllocation
Event: 88.413 Executing VM operation: G1CollectForAllocation done
Event: 88.500 Executing VM operation: G1Concurrent
Event: 88.505 Executing VM operation: G1Concurrent done
Event: 88.539 Executing VM operation: G1Concurrent
Event: 88.540 Executing VM operation: G1Concurrent done
Event: 89.552 Executing VM operation: Cleanup
Event: 89.553 Executing VM operation: Cleanup done
Event: 89.710 Executing VM operation: G1CollectForAllocation
Event: 89.717 Executing VM operation: G1CollectForAllocation done
Event: 89.731 Executing VM operation: G1CollectForAllocation
Event: 89.736 Executing VM operation: G1CollectForAllocation done
Event: 90.741 Executing VM operation: Cleanup
Event: 90.742 Executing VM operation: Cleanup done
Event: 91.433 Executing VM operation: G1CollectForAllocation
Event: 91.439 Executing VM operation: G1CollectForAllocation done

Events (20 events):
Event: 71.048 Thread 0x000001de2caf6cb0 flushing nmethod 0x000001de1713b810
Event: 71.048 Thread 0x000001de2caf6cb0 flushing nmethod 0x000001de1713e490
Event: 71.048 Thread 0x000001de2caf6cb0 flushing nmethod 0x000001de1714b810
Event: 71.048 Thread 0x000001de2caf6cb0 flushing nmethod 0x000001de1714c790
Event: 71.048 Thread 0x000001de2caf6cb0 flushing nmethod 0x000001de1714ef10
Event: 71.048 Thread 0x000001de2caf6cb0 flushing nmethod 0x000001de17150190
Event: 71.048 Thread 0x000001de2caf6cb0 flushing nmethod 0x000001de17150690
Event: 71.048 Thread 0x000001de2caf6cb0 flushing nmethod 0x000001de17150b10
Event: 71.048 Thread 0x000001de2caf6cb0 flushing nmethod 0x000001de17151790
Event: 71.049 Thread 0x000001de2caf6cb0 flushing nmethod 0x000001de171a4b90
Event: 71.049 Thread 0x000001de2caf6cb0 flushing nmethod 0x000001de171d7d10
Event: 71.049 Thread 0x000001de2caf6cb0 flushing nmethod 0x000001de171e2010
Event: 71.049 Thread 0x000001de2caf6cb0 flushing nmethod 0x000001de171e5e10
Event: 71.049 Thread 0x000001de2caf6cb0 flushing nmethod 0x000001de17217590
Event: 76.057 Thread 0x000001de2d5f2be0 Thread added: 0x000001de2d5f2be0
Event: 79.504 Thread 0x000001de2d5f2be0 Thread exited: 0x000001de2d5f2be0
Event: 80.501 Thread 0x000001de2d5f2be0 Thread added: 0x000001de2d5f2be0
Event: 85.462 Thread 0x000001de2caf6cb0 flushing nmethod 0x000001de1715a390
Event: 85.462 Thread 0x000001de2caf6cb0 flushing nmethod 0x000001de1715a790
Event: 85.463 Thread 0x000001de2caf6cb0 flushing nmethod 0x000001de171e6c90


Dynamic libraries:
0x00007ff686fe0000 - 0x00007ff686fed000 	C:\Program Files\Amazon Corretto\jdk17.0.1_12\bin\java.exe
0x00007ff9cb150000 - 0x00007ff9cb364000 	C:\WINDOWS\SYSTEM32\ntdll.dll
0x00007ff997a80000 - 0x00007ff997a97000 	C:\Program Files\Avast Software\Avast\aswhook.dll
0x00007ff9c9fe0000 - 0x00007ff9ca0a2000 	C:\WINDOWS\System32\KERNEL32.DLL
0x00007ff9c87a0000 - 0x00007ff9c8b3c000 	C:\WINDOWS\System32\KERNELBASE.dll
0x00007ff9c8be0000 - 0x00007ff9c8cf1000 	C:\WINDOWS\System32\ucrtbase.dll
0x00007ff9b4ca0000 - 0x00007ff9b4cb8000 	C:\Program Files\Amazon Corretto\jdk17.0.1_12\bin\jli.dll
0x00007ff9b44c0000 - 0x00007ff9b44d5000 	C:\Program Files\Amazon Corretto\jdk17.0.1_12\bin\VCRUNTIME140.dll
0x00007ff9c9600000 - 0x00007ff9c97aa000 	C:\WINDOWS\System32\USER32.dll
0x00007ff9c8590000 - 0x00007ff9c85b6000 	C:\WINDOWS\System32\win32u.dll
0x00007ff9b2080000 - 0x00007ff9b230e000 	C:\WINDOWS\WinSxS\amd64_microsoft.windows.common-controls_6595b64144ccf1df_6.0.22621.436_none_a94247dbc10d8414\COMCTL32.dll
0x00007ff9c9e30000 - 0x00007ff9c9ed7000 	C:\WINDOWS\System32\msvcrt.dll
0x00007ff9c95d0000 - 0x00007ff9c95f9000 	C:\WINDOWS\System32\GDI32.dll
0x00007ff9c8e40000 - 0x00007ff9c8f52000 	C:\WINDOWS\System32\gdi32full.dll
0x00007ff9c8b40000 - 0x00007ff9c8bda000 	C:\WINDOWS\System32\msvcp_win.dll
0x00007ff9cb0b0000 - 0x00007ff9cb0e1000 	C:\WINDOWS\System32\IMM32.DLL
0x00007ff986370000 - 0x00007ff98640b000 	C:\Program Files\Amazon Corretto\jdk17.0.1_12\bin\msvcp140.dll
0x00007ff94f630000 - 0x00007ff950249000 	C:\Program Files\Amazon Corretto\jdk17.0.1_12\bin\server\jvm.dll
0x00007ff9caf00000 - 0x00007ff9cafae000 	C:\WINDOWS\System32\ADVAPI32.dll
0x00007ff9cae50000 - 0x00007ff9caef4000 	C:\WINDOWS\System32\sechost.dll
0x00007ff9c9c30000 - 0x00007ff9c9d45000 	C:\WINDOWS\System32\RPCRT4.dll
0x00007ff9cab20000 - 0x00007ff9cab28000 	C:\WINDOWS\System32\PSAPI.DLL
0x00007ff9c05a0000 - 0x00007ff9c05d4000 	C:\WINDOWS\SYSTEM32\WINMM.dll
0x00007ff9bf0b0000 - 0x00007ff9bf0ba000 	C:\WINDOWS\SYSTEM32\VERSION.dll
0x00007ff9ae470000 - 0x00007ff9ae479000 	C:\WINDOWS\SYSTEM32\WSOCK32.dll
0x00007ff9c9150000 - 0x00007ff9c91c1000 	C:\WINDOWS\System32\WS2_32.dll
0x00007ff9c7610000 - 0x00007ff9c7628000 	C:\WINDOWS\SYSTEM32\kernel.appcore.dll
0x00007ff9c3f80000 - 0x00007ff9c3f8a000 	C:\Program Files\Amazon Corretto\jdk17.0.1_12\bin\jimage.dll
0x00007ff9b5cb0000 - 0x00007ff9b5ede000 	C:\WINDOWS\SYSTEM32\DBGHELP.DLL
0x00007ff9c9240000 - 0x00007ff9c95c9000 	C:\WINDOWS\System32\combase.dll
0x00007ff9c9d50000 - 0x00007ff9c9e27000 	C:\WINDOWS\System32\OLEAUT32.dll
0x00007ff9b3630000 - 0x00007ff9b3662000 	C:\WINDOWS\SYSTEM32\dbgcore.DLL
0x00007ff9c8dc0000 - 0x00007ff9c8e3b000 	C:\WINDOWS\System32\bcryptPrimitives.dll
0x00007ff9b3f30000 - 0x00007ff9b3f55000 	C:\Program Files\Amazon Corretto\jdk17.0.1_12\bin\java.dll
0x00007ff986290000 - 0x00007ff986366000 	C:\Program Files\Amazon Corretto\jdk17.0.1_12\bin\svml.dll
0x00007ff9ca270000 - 0x00007ff9caa4d000 	C:\WINDOWS\System32\SHELL32.dll
0x00007ff9c6580000 - 0x00007ff9c6e36000 	C:\WINDOWS\SYSTEM32\windows.storage.dll
0x00007ff9c6440000 - 0x00007ff9c657d000 	C:\WINDOWS\SYSTEM32\wintypes.dll
0x00007ff9cafb0000 - 0x00007ff9cb0a1000 	C:\WINDOWS\System32\SHCORE.dll
0x00007ff9cad50000 - 0x00007ff9cadae000 	C:\WINDOWS\System32\shlwapi.dll
0x00007ff9c84c0000 - 0x00007ff9c84e1000 	C:\WINDOWS\SYSTEM32\profapi.dll
0x00007ff9b4220000 - 0x00007ff9b4239000 	C:\Program Files\Amazon Corretto\jdk17.0.1_12\bin\net.dll
0x00007ff9c11f0000 - 0x00007ff9c131f000 	C:\WINDOWS\SYSTEM32\WINHTTP.dll
0x00007ff9c7ae0000 - 0x00007ff9c7b49000 	C:\WINDOWS\system32\mswsock.dll
0x00007ff9b3e20000 - 0x00007ff9b3e35000 	C:\Program Files\Amazon Corretto\jdk17.0.1_12\bin\nio.dll
0x00007ff9b3e00000 - 0x00007ff9b3e18000 	C:\Program Files\Amazon Corretto\jdk17.0.1_12\bin\zip.dll
0x0000000069ac0000 - 0x0000000069ae4000 	C:\Users\ejane\scoop\apps\maven\current\lib\jansi-native\Windows\x86_64\jansi.dll
0x00007ff9c3f40000 - 0x00007ff9c3f50000 	C:\Program Files\Amazon Corretto\jdk17.0.1_12\bin\verify.dll
0x00007ff9b5110000 - 0x00007ff9b511e000 	C:\Program Files\Amazon Corretto\jdk17.0.1_12\bin\sunmscapi.dll
0x00007ff9c8630000 - 0x00007ff9c8796000 	C:\WINDOWS\System32\CRYPT32.dll
0x00007ff9c7e90000 - 0x00007ff9c7ebd000 	C:\WINDOWS\SYSTEM32\ncrypt.dll
0x00007ff9c7e50000 - 0x00007ff9c7e87000 	C:\WINDOWS\SYSTEM32\NTASN1.dll
0x00007ff9c7d20000 - 0x00007ff9c7d3b000 	C:\WINDOWS\SYSTEM32\CRYPTSP.dll
0x00007ff9c7580000 - 0x00007ff9c75b5000 	C:\WINDOWS\system32\rsaenh.dll
0x00007ff9c7bd0000 - 0x00007ff9c7bf8000 	C:\WINDOWS\SYSTEM32\USERENV.dll
0x00007ff9c7ef0000 - 0x00007ff9c7f18000 	C:\WINDOWS\SYSTEM32\bcrypt.dll
0x00007ff9c7d40000 - 0x00007ff9c7d4c000 	C:\WINDOWS\SYSTEM32\CRYPTBASE.dll
0x00007ff9c7090000 - 0x00007ff9c70bd000 	C:\WINDOWS\SYSTEM32\IPHLPAPI.DLL
0x00007ff9cae40000 - 0x00007ff9cae49000 	C:\WINDOWS\System32\NSI.dll
0x00007ff9c10e0000 - 0x00007ff9c10f9000 	C:\WINDOWS\SYSTEM32\dhcpcsvc6.DLL
0x00007ff9c07e0000 - 0x00007ff9c07ff000 	C:\WINDOWS\SYSTEM32\dhcpcsvc.DLL
0x00007ff9c70c0000 - 0x00007ff9c71b2000 	C:\WINDOWS\SYSTEM32\DNSAPI.dll
0x00007ff99d3b0000 - 0x00007ff99d3c7000 	C:\WINDOWS\system32\napinsp.dll
0x00007ff99d390000 - 0x00007ff99d3ab000 	C:\WINDOWS\system32\pnrpnsp.dll
0x00007ff99d370000 - 0x00007ff99d381000 	C:\WINDOWS\System32\winrnr.dll
0x00007ff9bdb90000 - 0x00007ff9bdba5000 	C:\WINDOWS\system32\wshbth.dll
0x00007ff99d340000 - 0x00007ff99d361000 	C:\WINDOWS\system32\nlansp_c.dll
0x00007ff9bf280000 - 0x00007ff9bf28a000 	C:\Windows\System32\rasadhlp.dll
0x00007ff9bd080000 - 0x00007ff9bd103000 	C:\WINDOWS\System32\fwpuclnt.dll

dbghelp: loaded successfully - version: 4.0.5 - missing functions: none
symbol engine: initialized successfully - sym options: 0x614 - pdb path: .;C:\Program Files\Amazon Corretto\jdk17.0.1_12\bin;C:\WINDOWS\SYSTEM32;C:\Program Files\Avast Software\Avast;C:\WINDOWS\WinSxS\amd64_microsoft.windows.common-controls_6595b64144ccf1df_6.0.22621.436_none_a94247dbc10d8414;C:\Program Files\Amazon Corretto\jdk17.0.1_12\bin\server;C:\Users\ejane\scoop\apps\maven\current\lib\jansi-native\Windows\x86_64

VM Arguments:
jvm_args: -Dclassworlds.conf=C:\Users\ejane\scoop\apps\maven\current\bin\m2.conf -Dmaven.home=C:\Users\ejane\scoop\apps\maven\current -Dlibrary.jansi.path=C:\Users\ejane\scoop\apps\maven\current\lib\jansi-native -Dmaven.multiModuleProjectDirectory=C:\Users\ejane\Documents\MCTL 
java_command: org.codehaus.plexus.classworlds.launcher.Launcher package
java_class_path (initial): C:\Users\ejane\scoop\apps\maven\current\boot\plexus-classworlds-2.6.0.jar
Launcher Type: SUN_STANDARD

[Global flags]
     intx CICompilerCount                          = 4                                         {product} {ergonomic}
     uint ConcGCThreads                            = 2                                         {product} {ergonomic}
     uint G1ConcRefinementThreads                  = 8                                         {product} {ergonomic}
   size_t G1HeapRegionSize                         = 1048576                                   {product} {ergonomic}
    uintx GCDrainStackTargetSize                   = 64                                        {product} {ergonomic}
   size_t InitialHeapSize                          = 123731968                                 {product} {ergonomic}
   size_t MarkStackSize                            = 4194304                                   {product} {ergonomic}
   size_t MaxHeapSize                              = 1967128576                                {product} {ergonomic}
   size_t MaxNewSize                               = 1179648000                                {product} {ergonomic}
   size_t MinHeapDeltaBytes                        = 1048576                                   {product} {ergonomic}
   size_t MinHeapSize                              = 8388608                                   {product} {ergonomic}
    uintx NonNMethodCodeHeapSize                   = 5839372                                {pd product} {ergonomic}
    uintx NonProfiledCodeHeapSize                  = 122909434                              {pd product} {ergonomic}
    uintx ProfiledCodeHeapSize                     = 122909434                              {pd product} {ergonomic}
    uintx ReservedCodeCacheSize                    = 251658240                              {pd product} {ergonomic}
     bool SegmentedCodeCache                       = true                                      {product} {ergonomic}
   size_t SoftMaxHeapSize                          = 1967128576                             {manageable} {ergonomic}
     bool UseCompressedClassPointers               = true                           {product lp64_product} {ergonomic}
     bool UseCompressedOops                        = true                           {product lp64_product} {ergonomic}
     bool UseG1GC                                  = true                                      {product} {ergonomic}
     bool UseLargePagesIndividualAllocation        = false                                  {pd product} {ergonomic}

Logging:
Log output configuration:
 #0: stdout all=warning uptime,level,tags
 #1: stderr all=off uptime,level,tags

Environment Variables:
JAVA_HOME=C:\Program Files\Amazon Corretto\jdk17.0.1_12
PATH=C:\Program Files\Amazon Corretto\jdk17.0.1_12\bin;C:\Program Files\Eclipse Foundation\jdk-16.0.2.7-hotspot\bin;C:\ProgramData\Oracle\Java\javapath;C:\Program Files\Common Files\Oracle\Java\javapath;C:\Program Files (x86)\Common Files\Oracle\Java\javapath;C:\Program Files\Eclipse Adoptium\jdk-17.0.1.12-hotspot\bin;C:\Program Files (x86)\Common Files\Intel\Shared Libraries\redist\intel64\compiler;C:\Program Files (x86)\Common Files\Intel\Shared Files\cpp\bin\Intel64;C:\WINDOWS\system32;C:\WINDOWS;C:\WINDOWS\System32\Wbem;C:\WINDOWS\System32\WindowsPowerShell\v1.0\;C:\WINDOWS\System32\OpenSSH\;C:\Program Files\dotnet\;C:\Program Files\Microsoft SQL Server\130\Tools\Binn\;C:\Program Files\Microsoft SQL Server\Client SDK\ODBC\170\Tools\Binn\;C:\Program Files\Git LFS;C:\Program Files (x86)\dotnet\;C:\Users\ejane\scoop\apps\maven\current\bin;C:\Users\ejane\scoop\apps\python\current\Scripts;C:\Users\ejane\scoop\apps\python\current;C:\Users\ejane\scoop\apps\nodejs\current\bin;C:\Users\ejane\scoop\apps\nodejs\current;C:\Users\ejane\scoop\shims;C:\Users\ejane\AppData\Local\Microsoft\WindowsApps;C:\Users\ejane\AppData\Local\Programs\Microsoft VS Code\bin;C:\Users\ejane\AppData\Local\GitHubDesktop\bin;C:\Users\ejane\.dotnet\tools;C:\Program Files\heroku\bin;C:\gstreamer\1.0\mingw_x86_64\bin;%USERPROFILE%\AppData\Local\Microsoft\WindowsApps;
USERNAME=ejane
LANG=es_ES.UTF-8
OS=Windows_NT
PROCESSOR_IDENTIFIER=AMD64 Family 23 Model 104 Stepping 1, AuthenticAMD



---------------  S Y S T E M  ---------------

OS:
 Windows 10 , 64 bit Build 22621 (10.0.22621.598)
OS uptime: 10 days 20:57 hours
Hyper-V role detected

CPU: total 8 (initial active 8) (8 cores per cpu, 2 threads per core) family 23 model 104 stepping 1 microcode 0x0, cx8, cmov, fxsr, ht, mmx, 3dnowpref, sse, sse2, sse3, ssse3, sse4a, sse4.1, sse4.2, popcnt, lzcnt, tsc, tscinvbit, avx, avx2, aes, clmul, bmi1, bmi2, adx, sha, fma, vzeroupper, clflush, clflushopt, hv

Memory: 4k page, system-wide physical 7503M (194M free)
TotalPageFile size 30031M (AvailPageFile size 5M)
current process WorkingSet (physical memory assigned to process): 328M, peak: 353M
current process commit charge ("private bytes"): 394M, peak: 412M

vm_info: OpenJDK 64-Bit Server VM (17.0.1+12-LTS) for windows-amd64 JRE (17.0.1+12-LTS), built on Oct 20 2021 22:36:09 by "Administrator" with MS VC++ 15.9 (VS2017)

END.
