#
# There is insufficient memory for the Java Runtime Environment to continue.
# Native memory allocation (malloc) failed to allocate 1279696 bytes for Chunk::new
# Possible reasons:
#   The system is out of physical RAM or swap space
#   The process is running with CompressedOops enabled, and the Java Heap may be blocking the growth of the native heap
# Possible solutions:
#   Reduce memory load on the system
#   Increase physical memory or swap space
#   Check if swap backing store is full
#   Decrease Java heap size (-Xmx/-Xms)
#   Decrease number of Java threads
#   Decrease Java thread stack sizes (-Xss)
#   Set larger code cache with -XX:ReservedCodeCacheSize=
#   JVM is running with Unscaled Compressed Oops mode in which the Java heap is
#     placed in the first 4GB address space. The Java Heap base address is the
#     maximum limit for the native heap growth. Please use -XX:HeapBaseMinAddress
#     to set the Java Heap base and to place the Java Heap above 4GB virtual address.
# This output file may be truncated or incomplete.
#
#  Out of Memory Error (arena.cpp:189), pid=42000, tid=54532
#
# JRE version: OpenJDK Runtime Environment Corretto-17.0.1.12.1 (17.0.1+12) (build 17.0.1+12-LTS)
# Java VM: OpenJDK 64-Bit Server VM Corretto-17.0.1.12.1 (17.0.1+12-LTS, mixed mode, sharing, tiered, compressed oops, compressed class ptrs, g1 gc, windows-amd64)
# No core dump will be written. Minidumps are not enabled by default on client versions of Windows
#

---------------  S U M M A R Y ------------

Command Line: -Dclassworlds.conf=C:\Users\ejane\scoop\apps\maven\current\bin\m2.conf -Dmaven.home=C:\Users\ejane\scoop\apps\maven\current -Dlibrary.jansi.path=C:\Users\ejane\scoop\apps\maven\current\lib\jansi-native -Dmaven.multiModuleProjectDirectory=C:\Users\ejane\Documents\MCTL org.codehaus.plexus.classworlds.launcher.Launcher package

Host: AMD Ryzen 3 5300U with Radeon Graphics         , 8 cores, 7G,  Windows 10 , 64 bit Build 22621 (10.0.22621.598)
Time: Thu Oct 13 16:33:40 2022 Hora est. Pacífico, Sudamérica elapsed time: 83.659687 seconds (0d 0h 1m 23s)

---------------  T H R E A D  ---------------

Current thread (0x000001e41361d190):  JavaThread "C2 CompilerThread0" daemon [_thread_in_native, id=54532, stack(0x00000014a2e00000,0x00000014a2f00000)]


Current CompileTask:
C2:  83660 6809 %     4       org.objectweb.asm.ClassReader::readCode @ 92 (5109 bytes)

Stack: [0x00000014a2e00000,0x00000014a2f00000]
Native frames: (J=compiled Java code, j=interpreted, Vv=VM code, C=native code)
V  [jvm.dll+0x64440a]
V  [jvm.dll+0x7f4824]
V  [jvm.dll+0x7f5fde]
V  [jvm.dll+0x7f6633]
V  [jvm.dll+0x2347e8]
V  [jvm.dll+0xbc8fb]
V  [jvm.dll+0xbce8c]
V  [jvm.dll+0x29b7b2]
V  [jvm.dll+0x55198a]
V  [jvm.dll+0x211315]
V  [jvm.dll+0x20aa50]
V  [jvm.dll+0x2082cc]
V  [jvm.dll+0x1983cd]
V  [jvm.dll+0x217779]
V  [jvm.dll+0x2159cb]
V  [jvm.dll+0x7acf6b]
V  [jvm.dll+0x7a757a]
V  [jvm.dll+0x643255]
C  [ucrtbase.dll+0x29363]
C  [KERNEL32.DLL+0x1244d]
C  [ntdll.dll+0x5df78]


---------------  P R O C E S S  ---------------

Threads class SMR info:
_java_thread_list=0x000001e4190ebb30, length=12, elements={
0x000001e4737ef930, 0x000001e413604bf0, 0x000001e4136055a0, 0x000001e41361a6f0,
0x000001e41361b0a0, 0x000001e41361ba50, 0x000001e41361c400, 0x000001e41361d190,
0x000001e41361dc30, 0x000001e413623560, 0x000001e414095930, 0x000001e41409d080
}

Java Threads: ( => current thread )
  0x000001e4737ef930 JavaThread "main" [_thread_in_Java, id=49884, stack(0x00000014a2100000,0x00000014a2200000)]
  0x000001e413604bf0 JavaThread "Reference Handler" daemon [_thread_blocked, id=67660, stack(0x00000014a2800000,0x00000014a2900000)]
  0x000001e4136055a0 JavaThread "Finalizer" daemon [_thread_blocked, id=32744, stack(0x00000014a2900000,0x00000014a2a00000)]
  0x000001e41361a6f0 JavaThread "Signal Dispatcher" daemon [_thread_blocked, id=32176, stack(0x00000014a2a00000,0x00000014a2b00000)]
  0x000001e41361b0a0 JavaThread "Attach Listener" daemon [_thread_blocked, id=60968, stack(0x00000014a2b00000,0x00000014a2c00000)]
  0x000001e41361ba50 JavaThread "Service Thread" daemon [_thread_blocked, id=64468, stack(0x00000014a2c00000,0x00000014a2d00000)]
  0x000001e41361c400 JavaThread "Monitor Deflation Thread" daemon [_thread_blocked, id=63880, stack(0x00000014a2d00000,0x00000014a2e00000)]
=>0x000001e41361d190 JavaThread "C2 CompilerThread0" daemon [_thread_in_native, id=54532, stack(0x00000014a2e00000,0x00000014a2f00000)]
  0x000001e41361dc30 JavaThread "C1 CompilerThread0" daemon [_thread_blocked, id=44500, stack(0x00000014a2f00000,0x00000014a3000000)]
  0x000001e413623560 JavaThread "Sweeper thread" daemon [_thread_blocked, id=68028, stack(0x00000014a3000000,0x00000014a3100000)]
  0x000001e414095930 JavaThread "Notification Thread" daemon [_thread_blocked, id=67636, stack(0x00000014a3100000,0x00000014a3200000)]
  0x000001e41409d080 JavaThread "Common-Cleaner" daemon [_thread_blocked, id=59160, stack(0x00000014a3300000,0x00000014a3400000)]

Other Threads:
  0x000001e413600250 VMThread "VM Thread" [stack: 0x00000014a2700000,0x00000014a2800000] [id=50132]
  0x000001e414095e00 WatcherThread [stack: 0x00000014a3200000,0x00000014a3300000] [id=61520]
  0x000001e47382bd50 GCTaskThread "GC Thread#0" [stack: 0x00000014a2200000,0x00000014a2300000] [id=67140]
  0x000001e414159450 GCTaskThread "GC Thread#1" [stack: 0x00000014a3400000,0x00000014a3500000] [id=60800]
  0x000001e41490e200 GCTaskThread "GC Thread#2" [stack: 0x00000014a3500000,0x00000014a3600000] [id=62408]
  0x000001e41490e4b0 GCTaskThread "GC Thread#3" [stack: 0x00000014a3600000,0x00000014a3700000] [id=68380]
  0x000001e41490ef80 GCTaskThread "GC Thread#4" [stack: 0x00000014a3700000,0x00000014a3800000] [id=68580]
  0x000001e414910260 GCTaskThread "GC Thread#5" [stack: 0x00000014a3800000,0x00000014a3900000] [id=37784]
  0x000001e414910920 GCTaskThread "GC Thread#6" [stack: 0x00000014a3900000,0x00000014a3a00000] [id=41156]
  0x000001e4157e78c0 GCTaskThread "GC Thread#7" [stack: 0x00000014a3a00000,0x00000014a3b00000] [id=66600]
  0x000001e47383d850 ConcurrentGCThread "G1 Main Marker" [stack: 0x00000014a2300000,0x00000014a2400000] [id=27524]
  0x000001e47383e2c0 ConcurrentGCThread "G1 Conc#0" [stack: 0x00000014a2400000,0x00000014a2500000] [id=26936]
  0x000001e41574a3b0 ConcurrentGCThread "G1 Conc#1" [stack: 0x00000014a3e00000,0x00000014a3f00000] [id=58168]
  0x000001e4738be6b0 ConcurrentGCThread "G1 Refine#0" [stack: 0x00000014a2500000,0x00000014a2600000] [id=47996]
  0x000001e4158b7f30 ConcurrentGCThread "G1 Refine#1" [stack: 0x00000014a1e00000,0x00000014a1f00000] [id=68156]
  0x000001e4158b9bf0 ConcurrentGCThread "G1 Refine#2" [stack: 0x00000014a1f00000,0x00000014a2000000] [id=67056]
  0x000001e4158b8d90 ConcurrentGCThread "G1 Refine#3" [stack: 0x00000014a2000000,0x00000014a2100000] [id=68456]
  0x000001e4134c1090 ConcurrentGCThread "G1 Service" [stack: 0x00000014a2600000,0x00000014a2700000] [id=60768]

Threads with active compile tasks:
C2 CompilerThread0    83743 6809 %     4       org.objectweb.asm.ClassReader::readCode @ 92 (5109 bytes)

VM state: not at safepoint (normal execution)

VM Mutex/Monitor currently owned by a thread: None

Heap address: 0x000000008ac00000, size: 1876 MB, Compressed Oops mode: 32-bit

CDS archive(s) mapped at: [0x0000000800000000-0x0000000800bc0000-0x0000000800bc0000), size 12320768, SharedBaseAddress: 0x0000000800000000, ArchiveRelocationMode: 0.
Compressed class space mapped at: 0x0000000800c00000-0x0000000840c00000, reserved size: 1073741824
Narrow klass base: 0x0000000800000000, Narrow klass shift: 0, Narrow klass range: 0x100000000

GC Precious Log:
 CPUs: 8 total, 8 available
 Memory: 7503M
 Large Page Support: Disabled
 NUMA Support: Disabled
 Compressed Oops: Enabled (32-bit)
 Heap Region Size: 1M
 Heap Min Capacity: 8M
 Heap Initial Capacity: 118M
 Heap Max Capacity: 1876M
 Pre-touch: Disabled
 Parallel Workers: 8
 Concurrent Workers: 2
 Concurrent Refinement Workers: 8
 Periodic GC: Disabled

Heap:
 garbage-first heap   total 262144K, used 152541K [0x000000008ac00000, 0x0000000100000000)
  region size 1024K, 48 young (49152K), 9 survivors (9216K)
 Metaspace       used 27027K, committed 27392K, reserved 1081344K
  class space    used 2953K, committed 3136K, reserved 1048576K

Heap Regions: E=young(eden), S=young(survivor), O=old, HS=humongous(starts), HC=humongous(continues), CS=collection set, F=free, OA=open archive, CA=closed archive, TAMS=top-at-mark-start (previous, next)
|   0|0x000000008ac00000, 0x000000008acffff8, 0x000000008ad00000| 99%| O|  |TAMS 0x000000008acffff8, 0x000000008ac00000| Untracked 
|   1|0x000000008ad00000, 0x000000008ae00000, 0x000000008ae00000|100%| O|  |TAMS 0x000000008ae00000, 0x000000008ad00000| Untracked 
|   2|0x000000008ae00000, 0x000000008af00000, 0x000000008af00000|100%| O|  |TAMS 0x000000008af00000, 0x000000008ae00000| Untracked 
|   3|0x000000008af00000, 0x000000008b000000, 0x000000008b000000|100%| O|  |TAMS 0x000000008b000000, 0x000000008af00000| Untracked 
|   4|0x000000008b000000, 0x000000008b100000, 0x000000008b100000|100%| O|  |TAMS 0x000000008b100000, 0x000000008b000000| Untracked 
|   5|0x000000008b100000, 0x000000008b200000, 0x000000008b200000|100%| O|  |TAMS 0x000000008b200000, 0x000000008b100000| Untracked 
|   6|0x000000008b200000, 0x000000008b300000, 0x000000008b300000|100%| O|  |TAMS 0x000000008b300000, 0x000000008b200000| Untracked 
|   7|0x000000008b300000, 0x000000008b400000, 0x000000008b400000|100%| O|  |TAMS 0x000000008b400000, 0x000000008b300000| Untracked 
|   8|0x000000008b400000, 0x000000008b500000, 0x000000008b500000|100%| O|  |TAMS 0x000000008b500000, 0x000000008b400000| Untracked 
|   9|0x000000008b500000, 0x000000008b600000, 0x000000008b600000|100%| O|  |TAMS 0x000000008b600000, 0x000000008b500000| Untracked 
|  10|0x000000008b600000, 0x000000008b700000, 0x000000008b700000|100%| O|  |TAMS 0x000000008b700000, 0x000000008b600000| Untracked 
|  11|0x000000008b700000, 0x000000008b800000, 0x000000008b800000|100%| O|  |TAMS 0x000000008b800000, 0x000000008b700000| Untracked 
|  12|0x000000008b800000, 0x000000008b900000, 0x000000008b900000|100%| O|  |TAMS 0x000000008b900000, 0x000000008b800000| Untracked 
|  13|0x000000008b900000, 0x000000008ba00000, 0x000000008ba00000|100%| O|  |TAMS 0x000000008ba00000, 0x000000008b900000| Untracked 
|  14|0x000000008ba00000, 0x000000008bb00000, 0x000000008bb00000|100%| O|  |TAMS 0x000000008bb00000, 0x000000008ba00000| Untracked 
|  15|0x000000008bb00000, 0x000000008bc00000, 0x000000008bc00000|100%| O|  |TAMS 0x000000008bc00000, 0x000000008bb00000| Untracked 
|  16|0x000000008bc00000, 0x000000008bcffff8, 0x000000008bd00000| 99%| O|  |TAMS 0x000000008bcffff8, 0x000000008bc00000| Untracked 
|  17|0x000000008bd00000, 0x000000008bdae5d0, 0x000000008be00000| 68%| O|  |TAMS 0x000000008bdae5d0, 0x000000008bd00000| Untracked 
|  18|0x000000008be00000, 0x000000008be8cc40, 0x000000008bf00000| 54%| O|  |TAMS 0x000000008be8cc40, 0x000000008be00000| Untracked 
|  19|0x000000008bf00000, 0x000000008c000000, 0x000000008c000000|100%| O|  |TAMS 0x000000008c000000, 0x000000008bf00000| Untracked 
|  20|0x000000008c000000, 0x000000008c100000, 0x000000008c100000|100%| O|  |TAMS 0x000000008c100000, 0x000000008c000000| Untracked 
|  21|0x000000008c100000, 0x000000008c200000, 0x000000008c200000|100%| O|  |TAMS 0x000000008c200000, 0x000000008c100000| Untracked 
|  22|0x000000008c200000, 0x000000008c300000, 0x000000008c300000|100%| O|  |TAMS 0x000000008c2f2a00, 0x000000008c200000| Untracked 
|  23|0x000000008c300000, 0x000000008c400000, 0x000000008c400000|100%| O|  |TAMS 0x000000008c300000, 0x000000008c300000| Untracked 
|  24|0x000000008c400000, 0x000000008c500000, 0x000000008c500000|100%| O|  |TAMS 0x000000008c400000, 0x000000008c400000| Untracked 
|  25|0x000000008c500000, 0x000000008c600000, 0x000000008c600000|100%| O|  |TAMS 0x000000008c500000, 0x000000008c500000| Untracked 
|  26|0x000000008c600000, 0x000000008c700000, 0x000000008c700000|100%| O|  |TAMS 0x000000008c600000, 0x000000008c600000| Untracked 
|  27|0x000000008c700000, 0x000000008c800000, 0x000000008c800000|100%| O|  |TAMS 0x000000008c700000, 0x000000008c700000| Untracked 
|  28|0x000000008c800000, 0x000000008c900000, 0x000000008c900000|100%| O|  |TAMS 0x000000008c800000, 0x000000008c800000| Untracked 
|  29|0x000000008c900000, 0x000000008ca00000, 0x000000008ca00000|100%| O|  |TAMS 0x000000008c900000, 0x000000008c900000| Untracked 
|  30|0x000000008ca00000, 0x000000008cb00000, 0x000000008cb00000|100%| O|  |TAMS 0x000000008ca00000, 0x000000008ca00000| Untracked 
|  31|0x000000008cb00000, 0x000000008cc00000, 0x000000008cc00000|100%| O|  |TAMS 0x000000008cb00000, 0x000000008cb00000| Untracked 
|  32|0x000000008cc00000, 0x000000008cd00000, 0x000000008cd00000|100%| O|  |TAMS 0x000000008cc00000, 0x000000008cc00000| Untracked 
|  33|0x000000008cd00000, 0x000000008ce00000, 0x000000008ce00000|100%| O|  |TAMS 0x000000008cd00000, 0x000000008cd00000| Untracked 
|  34|0x000000008ce00000, 0x000000008cf00000, 0x000000008cf00000|100%| O|  |TAMS 0x000000008ce00000, 0x000000008ce00000| Untracked 
|  35|0x000000008cf00000, 0x000000008d000000, 0x000000008d000000|100%| O|  |TAMS 0x000000008cf00000, 0x000000008cf00000| Untracked 
|  36|0x000000008d000000, 0x000000008d100000, 0x000000008d100000|100%|HS|  |TAMS 0x000000008d000000, 0x000000008d000000| Complete 
|  37|0x000000008d100000, 0x000000008d200000, 0x000000008d200000|100%| O|  |TAMS 0x000000008d100000, 0x000000008d100000| Untracked 
|  38|0x000000008d200000, 0x000000008d300000, 0x000000008d300000|100%| O|  |TAMS 0x000000008d200000, 0x000000008d200000| Untracked 
|  39|0x000000008d300000, 0x000000008d400000, 0x000000008d400000|100%| O|  |TAMS 0x000000008d300000, 0x000000008d300000| Untracked 
|  40|0x000000008d400000, 0x000000008d500000, 0x000000008d500000|100%| O|  |TAMS 0x000000008d400000, 0x000000008d400000| Untracked 
|  41|0x000000008d500000, 0x000000008d600000, 0x000000008d600000|100%| O|  |TAMS 0x000000008d500000, 0x000000008d500000| Untracked 
|  42|0x000000008d600000, 0x000000008d700000, 0x000000008d700000|100%| O|  |TAMS 0x000000008d600000, 0x000000008d600000| Untracked 
|  43|0x000000008d700000, 0x000000008d800000, 0x000000008d800000|100%| O|  |TAMS 0x000000008d700000, 0x000000008d700000| Untracked 
|  44|0x000000008d800000, 0x000000008d900000, 0x000000008d900000|100%| O|  |TAMS 0x000000008d800000, 0x000000008d800000| Untracked 
|  45|0x000000008d900000, 0x000000008da00000, 0x000000008da00000|100%| O|  |TAMS 0x000000008d900000, 0x000000008d900000| Untracked 
|  46|0x000000008da00000, 0x000000008db00000, 0x000000008db00000|100%| O|  |TAMS 0x000000008da00000, 0x000000008da00000| Untracked 
|  47|0x000000008db00000, 0x000000008dc00000, 0x000000008dc00000|100%| O|  |TAMS 0x000000008db00000, 0x000000008db00000| Untracked 
|  48|0x000000008dc00000, 0x000000008dd00000, 0x000000008dd00000|100%| O|  |TAMS 0x000000008dc00000, 0x000000008dc00000| Untracked 
|  49|0x000000008dd00000, 0x000000008de00000, 0x000000008de00000|100%| O|  |TAMS 0x000000008dd00000, 0x000000008dd00000| Untracked 
|  50|0x000000008de00000, 0x000000008df00000, 0x000000008df00000|100%| O|  |TAMS 0x000000008de00000, 0x000000008de00000| Untracked 
|  51|0x000000008df00000, 0x000000008e000000, 0x000000008e000000|100%| O|  |TAMS 0x000000008df00000, 0x000000008df00000| Untracked 
|  52|0x000000008e000000, 0x000000008e100000, 0x000000008e100000|100%| O|  |TAMS 0x000000008e000000, 0x000000008e000000| Untracked 
|  53|0x000000008e100000, 0x000000008e200000, 0x000000008e200000|100%| O|  |TAMS 0x000000008e100000, 0x000000008e100000| Untracked 
|  54|0x000000008e200000, 0x000000008e300000, 0x000000008e300000|100%| O|  |TAMS 0x000000008e200000, 0x000000008e200000| Untracked 
|  55|0x000000008e300000, 0x000000008e400000, 0x000000008e400000|100%| O|  |TAMS 0x000000008e300000, 0x000000008e300000| Untracked 
|  56|0x000000008e400000, 0x000000008e500000, 0x000000008e500000|100%| O|  |TAMS 0x000000008e400000, 0x000000008e400000| Untracked 
|  57|0x000000008e500000, 0x000000008e600000, 0x000000008e600000|100%| O|  |TAMS 0x000000008e500000, 0x000000008e500000| Untracked 
|  58|0x000000008e600000, 0x000000008e700000, 0x000000008e700000|100%| O|  |TAMS 0x000000008e600000, 0x000000008e600000| Untracked 
|  59|0x000000008e700000, 0x000000008e800000, 0x000000008e800000|100%| O|  |TAMS 0x000000008e700000, 0x000000008e700000| Untracked 
|  60|0x000000008e800000, 0x000000008e900000, 0x000000008e900000|100%| O|  |TAMS 0x000000008e800000, 0x000000008e800000| Untracked 
|  61|0x000000008e900000, 0x000000008ea00000, 0x000000008ea00000|100%| O|  |TAMS 0x000000008e900000, 0x000000008e900000| Untracked 
|  62|0x000000008ea00000, 0x000000008eb00000, 0x000000008eb00000|100%| O|  |TAMS 0x000000008ea00000, 0x000000008ea00000| Untracked 
|  63|0x000000008eb00000, 0x000000008ec00000, 0x000000008ec00000|100%| O|  |TAMS 0x000000008eb00000, 0x000000008eb00000| Untracked 
|  64|0x000000008ec00000, 0x000000008ed00000, 0x000000008ed00000|100%| O|  |TAMS 0x000000008ec00000, 0x000000008ec00000| Untracked 
|  65|0x000000008ed00000, 0x000000008ee00000, 0x000000008ee00000|100%| O|  |TAMS 0x000000008ed00000, 0x000000008ed00000| Untracked 
|  66|0x000000008ee00000, 0x000000008ef00000, 0x000000008ef00000|100%| O|  |TAMS 0x000000008ee00000, 0x000000008ee00000| Untracked 
|  67|0x000000008ef00000, 0x000000008f000000, 0x000000008f000000|100%| O|  |TAMS 0x000000008ef00000, 0x000000008ef00000| Untracked 
|  68|0x000000008f000000, 0x000000008f100000, 0x000000008f100000|100%| O|  |TAMS 0x000000008f000000, 0x000000008f000000| Untracked 
|  69|0x000000008f100000, 0x000000008f200000, 0x000000008f200000|100%| O|  |TAMS 0x000000008f100000, 0x000000008f100000| Untracked 
|  70|0x000000008f200000, 0x000000008f300000, 0x000000008f300000|100%| O|  |TAMS 0x000000008f200000, 0x000000008f200000| Untracked 
|  71|0x000000008f300000, 0x000000008f400000, 0x000000008f400000|100%| O|  |TAMS 0x000000008f300000, 0x000000008f300000| Untracked 
|  72|0x000000008f400000, 0x000000008f500000, 0x000000008f500000|100%| O|  |TAMS 0x000000008f400000, 0x000000008f400000| Untracked 
|  73|0x000000008f500000, 0x000000008f600000, 0x000000008f600000|100%| O|  |TAMS 0x000000008f500000, 0x000000008f500000| Untracked 
|  74|0x000000008f600000, 0x000000008f700000, 0x000000008f700000|100%| O|  |TAMS 0x000000008f600000, 0x000000008f600000| Untracked 
|  75|0x000000008f700000, 0x000000008f800000, 0x000000008f800000|100%| O|  |TAMS 0x000000008f700000, 0x000000008f700000| Untracked 
|  76|0x000000008f800000, 0x000000008f900000, 0x000000008f900000|100%| O|  |TAMS 0x000000008f800000, 0x000000008f800000| Untracked 
|  77|0x000000008f900000, 0x000000008fa00000, 0x000000008fa00000|100%| O|  |TAMS 0x000000008f900000, 0x000000008f900000| Untracked 
|  78|0x000000008fa00000, 0x000000008fb00000, 0x000000008fb00000|100%| O|  |TAMS 0x000000008fa00000, 0x000000008fa00000| Untracked 
|  79|0x000000008fb00000, 0x000000008fc00000, 0x000000008fc00000|100%| O|  |TAMS 0x000000008fb00000, 0x000000008fb00000| Untracked 
|  80|0x000000008fc00000, 0x000000008fd00000, 0x000000008fd00000|100%| O|  |TAMS 0x000000008fc00000, 0x000000008fc00000| Untracked 
|  81|0x000000008fd00000, 0x000000008fe00000, 0x000000008fe00000|100%| O|  |TAMS 0x000000008fd00000, 0x000000008fd00000| Untracked 
|  82|0x000000008fe00000, 0x000000008ff00000, 0x000000008ff00000|100%| O|  |TAMS 0x000000008fe00000, 0x000000008fe00000| Untracked 
|  83|0x000000008ff00000, 0x0000000090000000, 0x0000000090000000|100%| O|  |TAMS 0x000000008ff00000, 0x000000008ff00000| Untracked 
|  84|0x0000000090000000, 0x0000000090100000, 0x0000000090100000|100%| O|  |TAMS 0x0000000090000000, 0x0000000090000000| Untracked 
|  85|0x0000000090100000, 0x0000000090200000, 0x0000000090200000|100%| O|  |TAMS 0x0000000090100000, 0x0000000090100000| Untracked 
|  86|0x0000000090200000, 0x0000000090300000, 0x0000000090300000|100%| O|  |TAMS 0x0000000090200000, 0x0000000090200000| Untracked 
|  87|0x0000000090300000, 0x0000000090400000, 0x0000000090400000|100%| O|  |TAMS 0x0000000090300000, 0x0000000090300000| Untracked 
|  88|0x0000000090400000, 0x0000000090500000, 0x0000000090500000|100%| O|  |TAMS 0x0000000090400000, 0x0000000090400000| Untracked 
|  89|0x0000000090500000, 0x0000000090600000, 0x0000000090600000|100%| O|  |TAMS 0x0000000090500000, 0x0000000090500000| Untracked 
|  90|0x0000000090600000, 0x0000000090700000, 0x0000000090700000|100%| O|  |TAMS 0x0000000090600000, 0x0000000090600000| Untracked 
|  91|0x0000000090700000, 0x0000000090800000, 0x0000000090800000|100%| O|  |TAMS 0x0000000090700000, 0x0000000090700000| Untracked 
|  92|0x0000000090800000, 0x0000000090900000, 0x0000000090900000|100%| O|  |TAMS 0x0000000090800000, 0x0000000090800000| Untracked 
|  93|0x0000000090900000, 0x0000000090a00000, 0x0000000090a00000|100%| O|  |TAMS 0x0000000090900000, 0x0000000090900000| Untracked 
|  94|0x0000000090a00000, 0x0000000090b00000, 0x0000000090b00000|100%| O|  |TAMS 0x0000000090a00000, 0x0000000090a00000| Untracked 
|  95|0x0000000090b00000, 0x0000000090c00000, 0x0000000090c00000|100%| O|  |TAMS 0x0000000090b00000, 0x0000000090b00000| Untracked 
|  96|0x0000000090c00000, 0x0000000090d00000, 0x0000000090d00000|100%| O|  |TAMS 0x0000000090c00000, 0x0000000090c00000| Untracked 
|  97|0x0000000090d00000, 0x0000000090e00000, 0x0000000090e00000|100%| O|  |TAMS 0x0000000090d00000, 0x0000000090d00000| Untracked 
|  98|0x0000000090e00000, 0x0000000090f00000, 0x0000000090f00000|100%| O|  |TAMS 0x0000000090e00000, 0x0000000090e00000| Untracked 
|  99|0x0000000090f00000, 0x0000000091000000, 0x0000000091000000|100%| O|  |TAMS 0x0000000090f00000, 0x0000000090f00000| Untracked 
| 100|0x0000000091000000, 0x0000000091100000, 0x0000000091100000|100%| O|  |TAMS 0x0000000091000000, 0x0000000091000000| Untracked 
| 101|0x0000000091100000, 0x0000000091200000, 0x0000000091200000|100%| O|  |TAMS 0x0000000091100000, 0x0000000091100000| Untracked 
| 102|0x0000000091200000, 0x0000000091250000, 0x0000000091300000| 31%| O|  |TAMS 0x0000000091200000, 0x0000000091200000| Untracked 
| 103|0x0000000091300000, 0x0000000091400000, 0x0000000091400000|100%|HS|  |TAMS 0x0000000091300000, 0x0000000091300000| Complete 
| 104|0x0000000091400000, 0x0000000091400000, 0x0000000091500000|  0%| F|  |TAMS 0x0000000091400000, 0x0000000091400000| Untracked 
| 105|0x0000000091500000, 0x0000000091500000, 0x0000000091600000|  0%| F|  |TAMS 0x0000000091500000, 0x0000000091500000| Untracked 
| 106|0x0000000091600000, 0x0000000091600000, 0x0000000091700000|  0%| F|  |TAMS 0x0000000091600000, 0x0000000091600000| Untracked 
| 107|0x0000000091700000, 0x0000000091700000, 0x0000000091800000|  0%| F|  |TAMS 0x0000000091700000, 0x0000000091700000| Untracked 
| 108|0x0000000091800000, 0x0000000091800000, 0x0000000091900000|  0%| F|  |TAMS 0x0000000091800000, 0x0000000091800000| Untracked 
| 109|0x0000000091900000, 0x0000000091900000, 0x0000000091a00000|  0%| F|  |TAMS 0x0000000091900000, 0x0000000091900000| Untracked 
| 110|0x0000000091a00000, 0x0000000091a00000, 0x0000000091b00000|  0%| F|  |TAMS 0x0000000091a00000, 0x0000000091a00000| Untracked 
| 111|0x0000000091b00000, 0x0000000091b00000, 0x0000000091c00000|  0%| F|  |TAMS 0x0000000091b00000, 0x0000000091b00000| Untracked 
| 112|0x0000000091c00000, 0x0000000091c00000, 0x0000000091d00000|  0%| F|  |TAMS 0x0000000091c00000, 0x0000000091c00000| Untracked 
| 113|0x0000000091d00000, 0x0000000091d00000, 0x0000000091e00000|  0%| F|  |TAMS 0x0000000091d00000, 0x0000000091d00000| Untracked 
| 114|0x0000000091e00000, 0x0000000091e00000, 0x0000000091f00000|  0%| F|  |TAMS 0x0000000091e00000, 0x0000000091e00000| Untracked 
| 115|0x0000000091f00000, 0x0000000091f00000, 0x0000000092000000|  0%| F|  |TAMS 0x0000000091f00000, 0x0000000091f00000| Untracked 
| 116|0x0000000092000000, 0x0000000092000000, 0x0000000092100000|  0%| F|  |TAMS 0x0000000092000000, 0x0000000092000000| Untracked 
| 117|0x0000000092100000, 0x0000000092100000, 0x0000000092200000|  0%| F|  |TAMS 0x0000000092100000, 0x0000000092100000| Untracked 
| 118|0x0000000092200000, 0x0000000092200000, 0x0000000092300000|  0%| F|  |TAMS 0x0000000092200000, 0x0000000092200000| Untracked 
| 119|0x0000000092300000, 0x0000000092300000, 0x0000000092400000|  0%| F|  |TAMS 0x0000000092300000, 0x0000000092300000| Untracked 
| 120|0x0000000092400000, 0x0000000092400000, 0x0000000092500000|  0%| F|  |TAMS 0x0000000092400000, 0x0000000092400000| Untracked 
| 121|0x0000000092500000, 0x0000000092500000, 0x0000000092600000|  0%| F|  |TAMS 0x0000000092500000, 0x0000000092500000| Untracked 
| 122|0x0000000092600000, 0x0000000092600000, 0x0000000092700000|  0%| F|  |TAMS 0x0000000092600000, 0x0000000092600000| Untracked 
| 123|0x0000000092700000, 0x0000000092700000, 0x0000000092800000|  0%| F|  |TAMS 0x0000000092700000, 0x0000000092700000| Untracked 
| 124|0x0000000092800000, 0x0000000092800000, 0x0000000092900000|  0%| F|  |TAMS 0x0000000092800000, 0x0000000092800000| Untracked 
| 125|0x0000000092900000, 0x0000000092900000, 0x0000000092a00000|  0%| F|  |TAMS 0x0000000092900000, 0x0000000092900000| Untracked 
| 126|0x0000000092a00000, 0x0000000092a00000, 0x0000000092b00000|  0%| F|  |TAMS 0x0000000092a00000, 0x0000000092a00000| Untracked 
| 127|0x0000000092b00000, 0x0000000092b00000, 0x0000000092c00000|  0%| F|  |TAMS 0x0000000092b00000, 0x0000000092b00000| Untracked 
| 128|0x0000000092c00000, 0x0000000092c00000, 0x0000000092d00000|  0%| F|  |TAMS 0x0000000092c00000, 0x0000000092c00000| Untracked 
| 129|0x0000000092d00000, 0x0000000092d00000, 0x0000000092e00000|  0%| F|  |TAMS 0x0000000092d00000, 0x0000000092d00000| Untracked 
| 130|0x0000000092e00000, 0x0000000092e00000, 0x0000000092f00000|  0%| F|  |TAMS 0x0000000092e00000, 0x0000000092e00000| Untracked 
| 131|0x0000000092f00000, 0x0000000092f00000, 0x0000000093000000|  0%| F|  |TAMS 0x0000000092f00000, 0x0000000092f00000| Untracked 
| 132|0x0000000093000000, 0x0000000093000000, 0x0000000093100000|  0%| F|  |TAMS 0x0000000093000000, 0x0000000093000000| Untracked 
| 133|0x0000000093100000, 0x0000000093100000, 0x0000000093200000|  0%| F|  |TAMS 0x0000000093100000, 0x0000000093100000| Untracked 
| 134|0x0000000093200000, 0x0000000093200000, 0x0000000093300000|  0%| F|  |TAMS 0x0000000093200000, 0x0000000093200000| Untracked 
| 135|0x0000000093300000, 0x0000000093300000, 0x0000000093400000|  0%| F|  |TAMS 0x0000000093300000, 0x0000000093300000| Untracked 
| 136|0x0000000093400000, 0x0000000093400000, 0x0000000093500000|  0%| F|  |TAMS 0x0000000093400000, 0x0000000093400000| Untracked 
| 137|0x0000000093500000, 0x0000000093500000, 0x0000000093600000|  0%| F|  |TAMS 0x0000000093500000, 0x0000000093500000| Untracked 
| 138|0x0000000093600000, 0x0000000093600000, 0x0000000093700000|  0%| F|  |TAMS 0x0000000093600000, 0x0000000093600000| Untracked 
| 139|0x0000000093700000, 0x0000000093700000, 0x0000000093800000|  0%| F|  |TAMS 0x0000000093700000, 0x0000000093700000| Untracked 
| 140|0x0000000093800000, 0x0000000093800000, 0x0000000093900000|  0%| F|  |TAMS 0x0000000093800000, 0x0000000093800000| Untracked 
| 141|0x0000000093900000, 0x0000000093900000, 0x0000000093a00000|  0%| F|  |TAMS 0x0000000093900000, 0x0000000093900000| Untracked 
| 142|0x0000000093a00000, 0x0000000093a00000, 0x0000000093b00000|  0%| F|  |TAMS 0x0000000093a00000, 0x0000000093a00000| Untracked 
| 143|0x0000000093b00000, 0x0000000093b00000, 0x0000000093c00000|  0%| F|  |TAMS 0x0000000093b00000, 0x0000000093b00000| Untracked 
| 144|0x0000000093c00000, 0x0000000093c6c2c8, 0x0000000093d00000| 42%| S|CS|TAMS 0x0000000093c00000, 0x0000000093c00000| Complete 
| 145|0x0000000093d00000, 0x0000000093e00000, 0x0000000093e00000|100%| S|CS|TAMS 0x0000000093d00000, 0x0000000093d00000| Complete 
| 146|0x0000000093e00000, 0x0000000093f00000, 0x0000000093f00000|100%| S|CS|TAMS 0x0000000093e00000, 0x0000000093e00000| Complete 
| 147|0x0000000093f00000, 0x0000000093f00000, 0x0000000094000000|  0%| F|  |TAMS 0x0000000093f00000, 0x0000000093f00000| Untracked 
| 148|0x0000000094000000, 0x0000000094000000, 0x0000000094100000|  0%| F|  |TAMS 0x0000000094000000, 0x0000000094000000| Untracked 
| 149|0x0000000094100000, 0x0000000094100000, 0x0000000094200000|  0%| F|  |TAMS 0x0000000094100000, 0x0000000094100000| Untracked 
| 150|0x0000000094200000, 0x0000000094300000, 0x0000000094300000|100%| S|CS|TAMS 0x0000000094200000, 0x0000000094200000| Complete 
| 151|0x0000000094300000, 0x0000000094400000, 0x0000000094400000|100%| S|CS|TAMS 0x0000000094300000, 0x0000000094300000| Complete 
| 152|0x0000000094400000, 0x0000000094500000, 0x0000000094500000|100%| S|CS|TAMS 0x0000000094400000, 0x0000000094400000| Complete 
| 153|0x0000000094500000, 0x0000000094600000, 0x0000000094600000|100%| S|CS|TAMS 0x0000000094500000, 0x0000000094500000| Complete 
| 154|0x0000000094600000, 0x0000000094700000, 0x0000000094700000|100%| S|CS|TAMS 0x0000000094600000, 0x0000000094600000| Complete 
| 155|0x0000000094700000, 0x0000000094800000, 0x0000000094800000|100%| S|CS|TAMS 0x0000000094700000, 0x0000000094700000| Complete 
| 156|0x0000000094800000, 0x0000000094800000, 0x0000000094900000|  0%| F|  |TAMS 0x0000000094800000, 0x0000000094800000| Untracked 
| 157|0x0000000094900000, 0x0000000094900000, 0x0000000094a00000|  0%| F|  |TAMS 0x0000000094900000, 0x0000000094900000| Untracked 
| 158|0x0000000094a00000, 0x0000000094a00000, 0x0000000094b00000|  0%| F|  |TAMS 0x0000000094a00000, 0x0000000094a00000| Untracked 
| 159|0x0000000094b00000, 0x0000000094b00000, 0x0000000094c00000|  0%| F|  |TAMS 0x0000000094b00000, 0x0000000094b00000| Untracked 
| 160|0x0000000094c00000, 0x0000000094c00000, 0x0000000094d00000|  0%| F|  |TAMS 0x0000000094c00000, 0x0000000094c00000| Untracked 
| 161|0x0000000094d00000, 0x0000000094d00000, 0x0000000094e00000|  0%| F|  |TAMS 0x0000000094d00000, 0x0000000094d00000| Untracked 
| 162|0x0000000094e00000, 0x0000000094e00000, 0x0000000094f00000|  0%| F|  |TAMS 0x0000000094e00000, 0x0000000094e00000| Untracked 
| 163|0x0000000094f00000, 0x0000000094f00000, 0x0000000095000000|  0%| F|  |TAMS 0x0000000094f00000, 0x0000000094f00000| Untracked 
| 164|0x0000000095000000, 0x0000000095000000, 0x0000000095100000|  0%| F|  |TAMS 0x0000000095000000, 0x0000000095000000| Untracked 
| 165|0x0000000095100000, 0x0000000095100000, 0x0000000095200000|  0%| F|  |TAMS 0x0000000095100000, 0x0000000095100000| Untracked 
| 166|0x0000000095200000, 0x0000000095200000, 0x0000000095300000|  0%| F|  |TAMS 0x0000000095200000, 0x0000000095200000| Untracked 
| 167|0x0000000095300000, 0x0000000095300000, 0x0000000095400000|  0%| F|  |TAMS 0x0000000095300000, 0x0000000095300000| Untracked 
| 168|0x0000000095400000, 0x0000000095400000, 0x0000000095500000|  0%| F|  |TAMS 0x0000000095400000, 0x0000000095400000| Untracked 
| 169|0x0000000095500000, 0x0000000095500000, 0x0000000095600000|  0%| F|  |TAMS 0x0000000095500000, 0x0000000095500000| Untracked 
| 170|0x0000000095600000, 0x0000000095600000, 0x0000000095700000|  0%| F|  |TAMS 0x0000000095600000, 0x0000000095600000| Untracked 
| 171|0x0000000095700000, 0x0000000095700000, 0x0000000095800000|  0%| F|  |TAMS 0x0000000095700000, 0x0000000095700000| Untracked 
| 172|0x0000000095800000, 0x0000000095800000, 0x0000000095900000|  0%| F|  |TAMS 0x0000000095800000, 0x0000000095800000| Untracked 
| 173|0x0000000095900000, 0x0000000095900000, 0x0000000095a00000|  0%| F|  |TAMS 0x0000000095900000, 0x0000000095900000| Untracked 
| 174|0x0000000095a00000, 0x0000000095a00000, 0x0000000095b00000|  0%| F|  |TAMS 0x0000000095a00000, 0x0000000095a00000| Untracked 
| 175|0x0000000095b00000, 0x0000000095b00000, 0x0000000095c00000|  0%| F|  |TAMS 0x0000000095b00000, 0x0000000095b00000| Untracked 
| 176|0x0000000095c00000, 0x0000000095c00000, 0x0000000095d00000|  0%| F|  |TAMS 0x0000000095c00000, 0x0000000095c00000| Untracked 
| 177|0x0000000095d00000, 0x0000000095d00000, 0x0000000095e00000|  0%| F|  |TAMS 0x0000000095d00000, 0x0000000095d00000| Untracked 
| 178|0x0000000095e00000, 0x0000000095e00000, 0x0000000095f00000|  0%| F|  |TAMS 0x0000000095e00000, 0x0000000095e00000| Untracked 
| 179|0x0000000095f00000, 0x0000000095f00000, 0x0000000096000000|  0%| F|  |TAMS 0x0000000095f00000, 0x0000000095f00000| Untracked 
| 180|0x0000000096000000, 0x0000000096000000, 0x0000000096100000|  0%| F|  |TAMS 0x0000000096000000, 0x0000000096000000| Untracked 
| 181|0x0000000096100000, 0x0000000096100000, 0x0000000096200000|  0%| F|  |TAMS 0x0000000096100000, 0x0000000096100000| Untracked 
| 182|0x0000000096200000, 0x0000000096200000, 0x0000000096300000|  0%| F|  |TAMS 0x0000000096200000, 0x0000000096200000| Untracked 
| 183|0x0000000096300000, 0x0000000096300000, 0x0000000096400000|  0%| F|  |TAMS 0x0000000096300000, 0x0000000096300000| Untracked 
| 184|0x0000000096400000, 0x0000000096400000, 0x0000000096500000|  0%| F|  |TAMS 0x0000000096400000, 0x0000000096400000| Untracked 
| 185|0x0000000096500000, 0x0000000096500000, 0x0000000096600000|  0%| F|  |TAMS 0x0000000096500000, 0x0000000096500000| Untracked 
| 186|0x0000000096600000, 0x0000000096600000, 0x0000000096700000|  0%| F|  |TAMS 0x0000000096600000, 0x0000000096600000| Untracked 
| 187|0x0000000096700000, 0x0000000096700000, 0x0000000096800000|  0%| F|  |TAMS 0x0000000096700000, 0x0000000096700000| Untracked 
| 188|0x0000000096800000, 0x0000000096800000, 0x0000000096900000|  0%| F|  |TAMS 0x0000000096800000, 0x0000000096800000| Untracked 
| 189|0x0000000096900000, 0x0000000096900000, 0x0000000096a00000|  0%| F|  |TAMS 0x0000000096900000, 0x0000000096900000| Untracked 
| 190|0x0000000096a00000, 0x0000000096a00000, 0x0000000096b00000|  0%| F|  |TAMS 0x0000000096a00000, 0x0000000096a00000| Untracked 
| 191|0x0000000096b00000, 0x0000000096b00000, 0x0000000096c00000|  0%| F|  |TAMS 0x0000000096b00000, 0x0000000096b00000| Untracked 
| 192|0x0000000096c00000, 0x0000000096c00000, 0x0000000096d00000|  0%| F|  |TAMS 0x0000000096c00000, 0x0000000096c00000| Untracked 
| 193|0x0000000096d00000, 0x0000000096d00000, 0x0000000096e00000|  0%| F|  |TAMS 0x0000000096d00000, 0x0000000096d00000| Untracked 
| 194|0x0000000096e00000, 0x0000000096e00000, 0x0000000096f00000|  0%| F|  |TAMS 0x0000000096e00000, 0x0000000096e00000| Untracked 
| 195|0x0000000096f00000, 0x0000000096f00000, 0x0000000097000000|  0%| F|  |TAMS 0x0000000096f00000, 0x0000000096f00000| Untracked 
| 196|0x0000000097000000, 0x0000000097000000, 0x0000000097100000|  0%| F|  |TAMS 0x0000000097000000, 0x0000000097000000| Untracked 
| 197|0x0000000097100000, 0x0000000097100000, 0x0000000097200000|  0%| F|  |TAMS 0x0000000097100000, 0x0000000097100000| Untracked 
| 198|0x0000000097200000, 0x0000000097200000, 0x0000000097300000|  0%| F|  |TAMS 0x0000000097200000, 0x0000000097200000| Untracked 
| 199|0x0000000097300000, 0x0000000097300000, 0x0000000097400000|  0%| F|  |TAMS 0x0000000097300000, 0x0000000097300000| Untracked 
| 200|0x0000000097400000, 0x0000000097400000, 0x0000000097500000|  0%| F|  |TAMS 0x0000000097400000, 0x0000000097400000| Untracked 
| 201|0x0000000097500000, 0x0000000097500000, 0x0000000097600000|  0%| F|  |TAMS 0x0000000097500000, 0x0000000097500000| Untracked 
| 202|0x0000000097600000, 0x0000000097600000, 0x0000000097700000|  0%| F|  |TAMS 0x0000000097600000, 0x0000000097600000| Untracked 
| 203|0x0000000097700000, 0x0000000097700000, 0x0000000097800000|  0%| F|  |TAMS 0x0000000097700000, 0x0000000097700000| Untracked 
| 204|0x0000000097800000, 0x0000000097800000, 0x0000000097900000|  0%| F|  |TAMS 0x0000000097800000, 0x0000000097800000| Untracked 
| 205|0x0000000097900000, 0x0000000097900000, 0x0000000097a00000|  0%| F|  |TAMS 0x0000000097900000, 0x0000000097900000| Untracked 
| 206|0x0000000097a00000, 0x0000000097a00000, 0x0000000097b00000|  0%| F|  |TAMS 0x0000000097a00000, 0x0000000097a00000| Untracked 
| 207|0x0000000097b00000, 0x0000000097b00000, 0x0000000097c00000|  0%| F|  |TAMS 0x0000000097b00000, 0x0000000097b00000| Untracked 
| 208|0x0000000097c00000, 0x0000000097c00000, 0x0000000097d00000|  0%| F|  |TAMS 0x0000000097c00000, 0x0000000097c00000| Untracked 
| 209|0x0000000097d00000, 0x0000000097d00000, 0x0000000097e00000|  0%| F|  |TAMS 0x0000000097d00000, 0x0000000097d00000| Untracked 
| 210|0x0000000097e00000, 0x0000000097e00000, 0x0000000097f00000|  0%| F|  |TAMS 0x0000000097e00000, 0x0000000097e00000| Untracked 
| 211|0x0000000097f00000, 0x0000000097f00000, 0x0000000098000000|  0%| F|  |TAMS 0x0000000097f00000, 0x0000000097f00000| Untracked 
| 212|0x0000000098000000, 0x0000000098000000, 0x0000000098100000|  0%| F|  |TAMS 0x0000000098000000, 0x0000000098000000| Untracked 
| 213|0x0000000098100000, 0x0000000098100000, 0x0000000098200000|  0%| F|  |TAMS 0x0000000098100000, 0x0000000098100000| Untracked 
| 214|0x0000000098200000, 0x0000000098200000, 0x0000000098300000|  0%| F|  |TAMS 0x0000000098200000, 0x0000000098200000| Untracked 
| 215|0x0000000098300000, 0x0000000098300000, 0x0000000098400000|  0%| F|  |TAMS 0x0000000098300000, 0x0000000098300000| Untracked 
| 216|0x0000000098400000, 0x0000000098480800, 0x0000000098500000| 50%| E|  |TAMS 0x0000000098400000, 0x0000000098400000| Complete 
| 217|0x0000000098500000, 0x0000000098600000, 0x0000000098600000|100%| E|CS|TAMS 0x0000000098500000, 0x0000000098500000| Complete 
| 218|0x0000000098600000, 0x0000000098700000, 0x0000000098700000|100%| E|CS|TAMS 0x0000000098600000, 0x0000000098600000| Complete 
| 219|0x0000000098700000, 0x0000000098800000, 0x0000000098800000|100%| E|CS|TAMS 0x0000000098700000, 0x0000000098700000| Complete 
| 220|0x0000000098800000, 0x0000000098900000, 0x0000000098900000|100%| E|CS|TAMS 0x0000000098800000, 0x0000000098800000| Complete 
| 221|0x0000000098900000, 0x0000000098a00000, 0x0000000098a00000|100%| E|CS|TAMS 0x0000000098900000, 0x0000000098900000| Complete 
| 222|0x0000000098a00000, 0x0000000098b00000, 0x0000000098b00000|100%| E|CS|TAMS 0x0000000098a00000, 0x0000000098a00000| Complete 
| 223|0x0000000098b00000, 0x0000000098c00000, 0x0000000098c00000|100%| E|CS|TAMS 0x0000000098b00000, 0x0000000098b00000| Complete 
| 224|0x0000000098c00000, 0x0000000098d00000, 0x0000000098d00000|100%| E|CS|TAMS 0x0000000098c00000, 0x0000000098c00000| Complete 
| 225|0x0000000098d00000, 0x0000000098e00000, 0x0000000098e00000|100%| E|CS|TAMS 0x0000000098d00000, 0x0000000098d00000| Complete 
| 226|0x0000000098e00000, 0x0000000098f00000, 0x0000000098f00000|100%| E|CS|TAMS 0x0000000098e00000, 0x0000000098e00000| Complete 
| 227|0x0000000098f00000, 0x0000000099000000, 0x0000000099000000|100%| E|CS|TAMS 0x0000000098f00000, 0x0000000098f00000| Complete 
| 228|0x0000000099000000, 0x0000000099100000, 0x0000000099100000|100%| E|CS|TAMS 0x0000000099000000, 0x0000000099000000| Complete 
| 229|0x0000000099100000, 0x0000000099200000, 0x0000000099200000|100%| E|CS|TAMS 0x0000000099100000, 0x0000000099100000| Complete 
| 230|0x0000000099200000, 0x0000000099300000, 0x0000000099300000|100%| E|CS|TAMS 0x0000000099200000, 0x0000000099200000| Complete 
| 231|0x0000000099300000, 0x0000000099400000, 0x0000000099400000|100%| E|CS|TAMS 0x0000000099300000, 0x0000000099300000| Complete 
| 232|0x0000000099400000, 0x0000000099500000, 0x0000000099500000|100%| E|CS|TAMS 0x0000000099400000, 0x0000000099400000| Complete 
| 233|0x0000000099500000, 0x0000000099600000, 0x0000000099600000|100%| E|CS|TAMS 0x0000000099500000, 0x0000000099500000| Complete 
| 234|0x0000000099600000, 0x0000000099700000, 0x0000000099700000|100%| E|CS|TAMS 0x0000000099600000, 0x0000000099600000| Complete 
| 235|0x0000000099700000, 0x0000000099800000, 0x0000000099800000|100%| E|CS|TAMS 0x0000000099700000, 0x0000000099700000| Complete 
| 236|0x0000000099800000, 0x0000000099900000, 0x0000000099900000|100%| E|CS|TAMS 0x0000000099800000, 0x0000000099800000| Complete 
| 237|0x0000000099900000, 0x0000000099a00000, 0x0000000099a00000|100%| E|CS|TAMS 0x0000000099900000, 0x0000000099900000| Complete 
| 238|0x0000000099a00000, 0x0000000099b00000, 0x0000000099b00000|100%| E|CS|TAMS 0x0000000099a00000, 0x0000000099a00000| Complete 
| 239|0x0000000099b00000, 0x0000000099c00000, 0x0000000099c00000|100%| E|CS|TAMS 0x0000000099b00000, 0x0000000099b00000| Complete 
| 240|0x0000000099c00000, 0x0000000099d00000, 0x0000000099d00000|100%| E|CS|TAMS 0x0000000099c00000, 0x0000000099c00000| Complete 
| 241|0x0000000099d00000, 0x0000000099e00000, 0x0000000099e00000|100%| E|CS|TAMS 0x0000000099d00000, 0x0000000099d00000| Complete 
| 242|0x0000000099e00000, 0x0000000099f00000, 0x0000000099f00000|100%| E|CS|TAMS 0x0000000099e00000, 0x0000000099e00000| Complete 
| 243|0x0000000099f00000, 0x000000009a000000, 0x000000009a000000|100%| E|CS|TAMS 0x0000000099f00000, 0x0000000099f00000| Complete 
| 244|0x000000009a000000, 0x000000009a100000, 0x000000009a100000|100%| E|CS|TAMS 0x000000009a000000, 0x000000009a000000| Complete 
| 245|0x000000009a100000, 0x000000009a200000, 0x000000009a200000|100%| E|CS|TAMS 0x000000009a100000, 0x000000009a100000| Complete 
| 246|0x000000009a200000, 0x000000009a300000, 0x000000009a300000|100%| E|CS|TAMS 0x000000009a200000, 0x000000009a200000| Complete 
| 247|0x000000009a300000, 0x000000009a400000, 0x000000009a400000|100%| E|CS|TAMS 0x000000009a300000, 0x000000009a300000| Complete 
| 248|0x000000009a400000, 0x000000009a500000, 0x000000009a500000|100%| E|CS|TAMS 0x000000009a400000, 0x000000009a400000| Complete 
| 249|0x000000009a500000, 0x000000009a600000, 0x000000009a600000|100%| E|CS|TAMS 0x000000009a500000, 0x000000009a500000| Complete 
| 250|0x000000009a600000, 0x000000009a700000, 0x000000009a700000|100%| E|CS|TAMS 0x000000009a600000, 0x000000009a600000| Complete 
| 251|0x000000009a700000, 0x000000009a800000, 0x000000009a800000|100%| E|CS|TAMS 0x000000009a700000, 0x000000009a700000| Complete 
| 252|0x000000009a800000, 0x000000009a900000, 0x000000009a900000|100%| E|CS|TAMS 0x000000009a800000, 0x000000009a800000| Complete 
| 253|0x000000009a900000, 0x000000009aa00000, 0x000000009aa00000|100%| E|CS|TAMS 0x000000009a900000, 0x000000009a900000| Complete 
| 254|0x000000009aa00000, 0x000000009ab00000, 0x000000009ab00000|100%| E|CS|TAMS 0x000000009aa00000, 0x000000009aa00000| Complete 
| 255|0x000000009ab00000, 0x000000009ac00000, 0x000000009ac00000|100%| E|CS|TAMS 0x000000009ab00000, 0x000000009ab00000| Complete 

Card table byte_map: [0x000001e47d8f0000,0x000001e47dca0000] _byte_map_base: 0x000001e47d49a000

Marking Bits (Prev, Next): (CMBitMap*) 0x000001e47382e270, (CMBitMap*) 0x000001e47382e2b0
 Prev Bits: [0x000001e47e050000, 0x000001e47fda0000)
 Next Bits: [0x000001e40f000000, 0x000001e410d50000)

Polling page: 0x000001e4738c0000

Metaspace:

Usage:
  Non-class:     23.51 MB used.
      Class:      2.88 MB used.
       Both:     26.39 MB used.

Virtual space:
  Non-class space:       32.00 MB reserved,      23.69 MB ( 74%) committed,  4 nodes.
      Class space:        1.00 GB reserved,       3.06 MB ( <1%) committed,  1 nodes.
             Both:        1.03 GB reserved,      26.75 MB (  3%) committed. 

Chunk freelists:
   Non-Class:  3.98 MB
       Class:  896.00 KB
        Both:  4.86 MB

MaxMetaspaceSize: unlimited
CompressedClassSpaceSize: 1.00 GB
Initial GC threshold: 21.00 MB
Current GC threshold: 42.50 MB
CDS: on
MetaspaceReclaimPolicy: balanced
 - commit_granule_bytes: 65536.
 - commit_granule_words: 8192.
 - virtual_space_node_default_size: 1048576.
 - enlarge_chunks_in_place: 1.
 - new_chunks_are_fully_committed: 0.
 - uncommit_free_chunks: 1.
 - use_allocation_guard: 0.
 - handle_deallocations: 1.


Internal statistics:

num_allocs_failed_limit: 3.
num_arena_births: 144.
num_arena_deaths: 0.
num_vsnodes_births: 5.
num_vsnodes_deaths: 0.
num_space_committed: 428.
num_space_uncommitted: 0.
num_chunks_returned_to_freelist: 3.
num_chunks_taken_from_freelist: 926.
num_chunk_merges: 3.
num_chunk_splits: 663.
num_chunks_enlarged: 527.
num_purges: 0.
num_inconsistent_stats: 0.

CodeHeap 'non-profiled nmethods': size=120000Kb used=5308Kb max_used=5308Kb free=114691Kb
 bounds [0x000001e407ad0000, 0x000001e408000000, 0x000001e40f000000]
CodeHeap 'profiled nmethods': size=120000Kb used=12843Kb max_used=12843Kb free=107156Kb
 bounds [0x000001e4005a0000, 0x000001e401230000, 0x000001e407ad0000]
CodeHeap 'non-nmethods': size=5760Kb used=1243Kb max_used=1320Kb free=4516Kb
 bounds [0x000001e400000000, 0x000001e400270000, 0x000001e4005a0000]
 total_blobs=6473 nmethods=5922 adapters=462
 compilation: enabled
              stopped_count=0, restarted_count=0
 full_count=0

Compilation events (20 events):
Event: 83.054 Thread 0x000001e41361d190 6801       4       java.lang.String::split (327 bytes)
Event: 83.061 Thread 0x000001e41361dc30 6806       3       net.md_5.specialsource.JarMapping::parseCsrgLine (567 bytes)
Event: 83.066 Thread 0x000001e41361dc30 nmethod 6806 0x000001e401214f90 code [0x000001e401215700, 0x000001e401219248]
Event: 83.082 Thread 0x000001e41361dc30 6807       3       java.util.zip.ZipFile$Source::initCEN (591 bytes)
Event: 83.085 Thread 0x000001e41361dc30 nmethod 6807 0x000001e40121aa10 code [0x000001e40121af00, 0x000001e40121df58]
Event: 83.369 Thread 0x000001e41361dc30 6810       3       net.md_5.specialsource.repo.CachingRepo::findClass (45 bytes)
Event: 83.370 Thread 0x000001e41361dc30 nmethod 6810 0x000001e40121f110 code [0x000001e40121f300, 0x000001e40121f888]
Event: 83.370 Thread 0x000001e41361dc30 6811       3       com.google.common.cache.LocalCache::getIfPresent (49 bytes)
Event: 83.371 Thread 0x000001e41361dc30 nmethod 6811 0x000001e40121fb10 code [0x000001e40121fd40, 0x000001e4012204b8]
Event: 83.373 Thread 0x000001e41361dc30 6812   !   3       com.google.common.cache.LocalCache$Segment::get (122 bytes)
Event: 83.375 Thread 0x000001e41361dc30 nmethod 6812 0x000001e401220890 code [0x000001e401220c60, 0x000001e401222548]
Event: 83.375 Thread 0x000001e41361dc30 6814       3       net.md_5.specialsource.RepoRemapper::findAccess (218 bytes)
Event: 83.376 Thread 0x000001e41361dc30 nmethod 6814 0x000001e401223110 code [0x000001e4012233c0, 0x000001e401224298]
Event: 83.376 Thread 0x000001e41361dc30 6815       3       org.objectweb.asm.AnnotationWriter::computeAnnotationsSize (66 bytes)
Event: 83.376 Thread 0x000001e41361dc30 nmethod 6815 0x000001e401224810 code [0x000001e4012249e0, 0x000001e401224d18]
Event: 83.444 Thread 0x000001e41361d190 nmethod 6801 0x000001e407ff6c90 code [0x000001e407ff70a0, 0x000001e407ffc5a0]
Event: 83.444 Thread 0x000001e41361d190 6809 %     4       org.objectweb.asm.ClassReader::readCode @ 92 (5109 bytes)
Event: 83.595 Thread 0x000001e41361dc30 6820       1       org.objectweb.asm.SymbolTable::getConstantPoolCount (5 bytes)
Event: 83.595 Thread 0x000001e41361dc30 nmethod 6820 0x000001e407fff010 code [0x000001e407fff1a0, 0x000001e407fff278]
Event: 83.644 Thread 0x000001e41361dc30 6822 %     3       org.objectweb.asm.ClassWriter::toByteArray @ 51 (1535 bytes)

GC Heap History (20 events):
Event: 68.805 GC heap before
{Heap before GC invocations=24 (full 4):
 garbage-first heap   total 165888K, used 98071K [0x000000008ac00000, 0x0000000100000000)
  region size 1024K, 68 young (69632K), 7 survivors (7168K)
 Metaspace       used 25825K, committed 26240K, reserved 1073152K
  class space    used 2853K, committed 3072K, reserved 1048576K
}
Event: 68.819 GC heap after
{Heap after GC invocations=25 (full 4):
 garbage-first heap   total 165888K, used 41832K [0x000000008ac00000, 0x0000000100000000)
  region size 1024K, 7 young (7168K), 7 survivors (7168K)
 Metaspace       used 25825K, committed 26240K, reserved 1073152K
  class space    used 2853K, committed 3072K, reserved 1048576K
}
Event: 71.297 GC heap before
{Heap before GC invocations=25 (full 4):
 garbage-first heap   total 165888K, used 106344K [0x000000008ac00000, 0x0000000100000000)
  region size 1024K, 69 young (70656K), 7 survivors (7168K)
 Metaspace       used 26673K, committed 27072K, reserved 1073152K
  class space    used 2948K, committed 3136K, reserved 1048576K
}
Event: 71.317 GC heap after
{Heap after GC invocations=26 (full 4):
 garbage-first heap   total 165888K, used 52344K [0x000000008ac00000, 0x0000000100000000)
  region size 1024K, 9 young (9216K), 9 survivors (9216K)
 Metaspace       used 26673K, committed 27072K, reserved 1073152K
  class space    used 2948K, committed 3136K, reserved 1048576K
}
Event: 71.833 GC heap before
{Heap before GC invocations=26 (full 4):
 garbage-first heap   total 165888K, used 111736K [0x000000008ac00000, 0x0000000100000000)
  region size 1024K, 67 young (68608K), 9 survivors (9216K)
 Metaspace       used 26888K, committed 27264K, reserved 1073152K
  class space    used 2950K, committed 3136K, reserved 1048576K
}
Event: 71.845 GC heap after
{Heap after GC invocations=27 (full 4):
 garbage-first heap   total 165888K, used 55681K [0x000000008ac00000, 0x0000000100000000)
  region size 1024K, 5 young (5120K), 5 survivors (5120K)
 Metaspace       used 26888K, committed 27264K, reserved 1073152K
  class space    used 2950K, committed 3136K, reserved 1048576K
}
Event: 72.469 GC heap before
{Heap before GC invocations=27 (full 4):
 garbage-first heap   total 165888K, used 116097K [0x000000008ac00000, 0x0000000100000000)
  region size 1024K, 64 young (65536K), 5 survivors (5120K)
 Metaspace       used 26949K, committed 27328K, reserved 1073152K
  class space    used 2951K, committed 3136K, reserved 1048576K
}
Event: 72.478 GC heap after
{Heap after GC invocations=28 (full 4):
 garbage-first heap   total 262144K, used 60484K [0x000000008ac00000, 0x0000000100000000)
  region size 1024K, 8 young (8192K), 8 survivors (8192K)
 Metaspace       used 26949K, committed 27328K, reserved 1073152K
  class space    used 2951K, committed 3136K, reserved 1048576K
}
Event: 73.288 GC heap before
{Heap before GC invocations=28 (full 4):
 garbage-first heap   total 262144K, used 185412K [0x000000008ac00000, 0x0000000100000000)
  region size 1024K, 130 young (133120K), 8 survivors (8192K)
 Metaspace       used 26974K, committed 27328K, reserved 1073152K
  class space    used 2951K, committed 3136K, reserved 1048576K
}
Event: 73.296 GC heap after
{Heap after GC invocations=29 (full 4):
 garbage-first heap   total 262144K, used 69758K [0x000000008ac00000, 0x0000000100000000)
  region size 1024K, 17 young (17408K), 17 survivors (17408K)
 Metaspace       used 26974K, committed 27328K, reserved 1073152K
  class space    used 2951K, committed 3136K, reserved 1048576K
}
Event: 74.691 GC heap before
{Heap before GC invocations=29 (full 4):
 garbage-first heap   total 262144K, used 190590K [0x000000008ac00000, 0x0000000100000000)
  region size 1024K, 135 young (138240K), 17 survivors (17408K)
 Metaspace       used 26982K, committed 27328K, reserved 1073152K
  class space    used 2951K, committed 3136K, reserved 1048576K
}
Event: 74.714 GC heap after
{Heap after GC invocations=30 (full 4):
 garbage-first heap   total 262144K, used 78487K [0x000000008ac00000, 0x0000000100000000)
  region size 1024K, 10 young (10240K), 10 survivors (10240K)
 Metaspace       used 26982K, committed 27328K, reserved 1073152K
  class space    used 2951K, committed 3136K, reserved 1048576K
}
Event: 77.740 GC heap before
{Heap before GC invocations=30 (full 4):
 garbage-first heap   total 262144K, used 196247K [0x000000008ac00000, 0x0000000100000000)
  region size 1024K, 125 young (128000K), 10 survivors (10240K)
 Metaspace       used 27000K, committed 27328K, reserved 1073152K
  class space    used 2951K, committed 3136K, reserved 1048576K
}
Event: 77.751 GC heap after
{Heap after GC invocations=31 (full 4):
 garbage-first heap   total 262144K, used 88300K [0x000000008ac00000, 0x0000000100000000)
  region size 1024K, 10 young (10240K), 10 survivors (10240K)
 Metaspace       used 27000K, committed 27328K, reserved 1073152K
  class space    used 2951K, committed 3136K, reserved 1048576K
}
Event: 78.647 GC heap before
{Heap before GC invocations=31 (full 4):
 garbage-first heap   total 262144K, used 199916K [0x000000008ac00000, 0x0000000100000000)
  region size 1024K, 119 young (121856K), 10 survivors (10240K)
 Metaspace       used 27008K, committed 27392K, reserved 1081344K
  class space    used 2951K, committed 3136K, reserved 1048576K
}
Event: 78.659 GC heap after
{Heap after GC invocations=32 (full 4):
 garbage-first heap   total 262144K, used 95787K [0x000000008ac00000, 0x0000000100000000)
  region size 1024K, 7 young (7168K), 7 survivors (7168K)
 Metaspace       used 27008K, committed 27392K, reserved 1081344K
  class space    used 2951K, committed 3136K, reserved 1048576K
}
Event: 79.556 GC heap before
{Heap before GC invocations=32 (full 4):
 garbage-first heap   total 262144K, used 204331K [0x000000008ac00000, 0x0000000100000000)
  region size 1024K, 113 young (115712K), 7 survivors (7168K)
 Metaspace       used 27016K, committed 27392K, reserved 1081344K
  class space    used 2951K, committed 3136K, reserved 1048576K
}
Event: 79.567 GC heap after
{Heap after GC invocations=33 (full 4):
 garbage-first heap   total 262144K, used 104299K [0x000000008ac00000, 0x0000000100000000)
  region size 1024K, 15 young (15360K), 15 survivors (15360K)
 Metaspace       used 27016K, committed 27392K, reserved 1081344K
  class space    used 2951K, committed 3136K, reserved 1048576K
}
Event: 81.260 GC heap before
{Heap before GC invocations=33 (full 4):
 garbage-first heap   total 262144K, used 206699K [0x000000008ac00000, 0x0000000100000000)
  region size 1024K, 115 young (117760K), 15 survivors (15360K)
 Metaspace       used 27016K, committed 27392K, reserved 1081344K
  class space    used 2951K, committed 3136K, reserved 1048576K
}
Event: 81.274 GC heap after
{Heap after GC invocations=34 (full 4):
 garbage-first heap   total 262144K, used 112605K [0x000000008ac00000, 0x0000000100000000)
  region size 1024K, 9 young (9216K), 9 survivors (9216K)
 Metaspace       used 27016K, committed 27392K, reserved 1081344K
  class space    used 2951K, committed 3136K, reserved 1048576K
}

Deoptimization events (20 events):
Event: 83.220 Thread 0x000001e4737ef930 Uncommon trap: trap_request=0xffffff45 fr.pc=0x000001e407eea75c relative=0x000000000000255c
Event: 83.220 Thread 0x000001e4737ef930 Uncommon trap: reason=unstable_if action=reinterpret pc=0x000001e407eea75c method=com.google.common.cache.LocalCache$Segment.get(Ljava/lang/Object;I)Ljava/lang/Object; @ 4 c2
Event: 83.220 Thread 0x000001e4737ef930 DEOPT PACKING pc=0x000001e407eea75c sp=0x00000014a21fd910
Event: 83.220 Thread 0x000001e4737ef930 DEOPT UNPACKING pc=0x000001e4000523a3 sp=0x00000014a21fd7a0 mode 2
Event: 83.222 Thread 0x000001e4737ef930 Uncommon trap: trap_request=0xffffff45 fr.pc=0x000001e407f00290 relative=0x0000000000000e90
Event: 83.222 Thread 0x000001e4737ef930 Uncommon trap: reason=unstable_if action=reinterpret pc=0x000001e407f00290 method=com.google.common.cache.LocalCache$Segment.get(Ljava/lang/Object;I)Ljava/lang/Object; @ 4 c2
Event: 83.222 Thread 0x000001e4737ef930 DEOPT PACKING pc=0x000001e407f00290 sp=0x00000014a21fd880
Event: 83.222 Thread 0x000001e4737ef930 DEOPT UNPACKING pc=0x000001e4000523a3 sp=0x00000014a21fd7c0 mode 2
Event: 83.371 Thread 0x000001e4737ef930 Uncommon trap: trap_request=0xffffff45 fr.pc=0x000001e407efc634 relative=0x0000000000000854
Event: 83.371 Thread 0x000001e4737ef930 Uncommon trap: reason=unstable_if action=reinterpret pc=0x000001e407efc634 method=com.google.common.cache.LocalCache$Segment.get(Ljava/lang/Object;I)Ljava/lang/Object; @ 4 c2
Event: 83.371 Thread 0x000001e4737ef930 DEOPT PACKING pc=0x000001e407efc634 sp=0x00000014a21fd830
Event: 83.371 Thread 0x000001e4737ef930 DEOPT UNPACKING pc=0x000001e4000523a3 sp=0x00000014a21fd7e8 mode 2
Event: 83.375 Thread 0x000001e4737ef930 Uncommon trap: trap_request=0xffffff45 fr.pc=0x000001e407f67458 relative=0x0000000000000198
Event: 83.375 Thread 0x000001e4737ef930 Uncommon trap: reason=unstable_if action=reinterpret pc=0x000001e407f67458 method=org.objectweb.asm.AnnotationWriter.computeAnnotationsSize(Lorg/objectweb/asm/AnnotationWriter;Lorg/objectweb/asm/AnnotationWriter;Lorg/objectweb/asm/AnnotationWriter;Lorg/ob
Event: 83.375 Thread 0x000001e4737ef930 DEOPT PACKING pc=0x000001e407f67458 sp=0x00000014a21fdd60
Event: 83.375 Thread 0x000001e4737ef930 DEOPT UNPACKING pc=0x000001e4000523a3 sp=0x00000014a21fdce8 mode 2
Event: 83.595 Thread 0x000001e4737ef930 Uncommon trap: trap_request=0xffffff45 fr.pc=0x000001e407fcfefc relative=0x00000000000089fc
Event: 83.595 Thread 0x000001e4737ef930 Uncommon trap: reason=unstable_if action=reinterpret pc=0x000001e407fcfefc method=org.objectweb.asm.ClassWriter.toByteArray()[B @ 439 c2
Event: 83.595 Thread 0x000001e4737ef930 DEOPT PACKING pc=0x000001e407fcfefc sp=0x00000014a21fde80
Event: 83.595 Thread 0x000001e4737ef930 DEOPT UNPACKING pc=0x000001e4000523a3 sp=0x00000014a21fde48 mode 2

Classes unloaded (0 events):
No events

Classes redefined (0 events):
No events

Internal exceptions (20 events):
Event: 41.474 Thread 0x000001e415bb0100 Exception <a 'java/net/SocketException'{0x000000008e892340}: Socket is not connected: shutdown> (0x000000008e892340) 
thrown [c:\wsjdk\corretto17src\installers\windows\zip\corretto-build\buildroot\src\hotspot\share\prims\jni.cpp, line 535]
Event: 43.597 Thread 0x000001e4737ef930 Exception <a 'java/net/ConnectException'{0x000000008e2d23f0}: Connection refused: connect> (0x000000008e2d23f0) 
thrown [c:\wsjdk\corretto17src\installers\windows\zip\corretto-build\buildroot\src\hotspot\share\prims\jni.cpp, line 535]
Event: 43.597 Thread 0x000001e4737ef930 Exception <a 'java/net/SocketException'{0x000000008e2d2c78}: Socket is not connected: shutdown> (0x000000008e2d2c78) 
thrown [c:\wsjdk\corretto17src\installers\windows\zip\corretto-build\buildroot\src\hotspot\share\prims\jni.cpp, line 535]
Event: 46.273 Thread 0x000001e4737ef930 Exception <a 'java/net/ConnectException'{0x0000000091b5b680}: Connection refused: connect> (0x0000000091b5b680) 
thrown [c:\wsjdk\corretto17src\installers\windows\zip\corretto-build\buildroot\src\hotspot\share\prims\jni.cpp, line 535]
Event: 46.273 Thread 0x000001e4737ef930 Exception <a 'java/net/SocketException'{0x0000000091b5bf08}: Socket is not connected: shutdown> (0x0000000091b5bf08) 
thrown [c:\wsjdk\corretto17src\installers\windows\zip\corretto-build\buildroot\src\hotspot\share\prims\jni.cpp, line 535]
Event: 48.407 Thread 0x000001e4737ef930 Exception <a 'java/net/ConnectException'{0x00000000919ba438}: Connection refused: connect> (0x00000000919ba438) 
thrown [c:\wsjdk\corretto17src\installers\windows\zip\corretto-build\buildroot\src\hotspot\share\prims\jni.cpp, line 535]
Event: 48.407 Thread 0x000001e4737ef930 Exception <a 'java/net/SocketException'{0x00000000919bacc0}: Socket is not connected: shutdown> (0x00000000919bacc0) 
thrown [c:\wsjdk\corretto17src\installers\windows\zip\corretto-build\buildroot\src\hotspot\share\prims\jni.cpp, line 535]
Event: 50.522 Thread 0x000001e4737ef930 Exception <a 'java/net/ConnectException'{0x0000000091731608}: Connection refused: connect> (0x0000000091731608) 
thrown [c:\wsjdk\corretto17src\installers\windows\zip\corretto-build\buildroot\src\hotspot\share\prims\jni.cpp, line 535]
Event: 50.522 Thread 0x000001e4737ef930 Exception <a 'java/net/SocketException'{0x0000000091731e90}: Socket is not connected: shutdown> (0x0000000091731e90) 
thrown [c:\wsjdk\corretto17src\installers\windows\zip\corretto-build\buildroot\src\hotspot\share\prims\jni.cpp, line 535]
Event: 52.646 Thread 0x000001e4737ef930 Exception <a 'java/net/ConnectException'{0x00000000916219a8}: Connection refused: connect> (0x00000000916219a8) 
thrown [c:\wsjdk\corretto17src\installers\windows\zip\corretto-build\buildroot\src\hotspot\share\prims\jni.cpp, line 535]
Event: 52.646 Thread 0x000001e4737ef930 Exception <a 'java/net/SocketException'{0x0000000091622230}: Socket is not connected: shutdown> (0x0000000091622230) 
thrown [c:\wsjdk\corretto17src\installers\windows\zip\corretto-build\buildroot\src\hotspot\share\prims\jni.cpp, line 535]
Event: 55.852 Thread 0x000001e4737ef930 Exception <a 'java/net/ConnectException'{0x000000008ce5f990}: Connection refused: connect> (0x000000008ce5f990) 
thrown [c:\wsjdk\corretto17src\installers\windows\zip\corretto-build\buildroot\src\hotspot\share\prims\jni.cpp, line 535]
Event: 55.852 Thread 0x000001e4737ef930 Exception <a 'java/net/SocketException'{0x000000008ce60218}: Socket is not connected: shutdown> (0x000000008ce60218) 
thrown [c:\wsjdk\corretto17src\installers\windows\zip\corretto-build\buildroot\src\hotspot\share\prims\jni.cpp, line 535]
Event: 57.962 Thread 0x000001e4737ef930 Exception <a 'java/net/ConnectException'{0x000000008cccddf8}: Connection refused: connect> (0x000000008cccddf8) 
thrown [c:\wsjdk\corretto17src\installers\windows\zip\corretto-build\buildroot\src\hotspot\share\prims\jni.cpp, line 535]
Event: 57.962 Thread 0x000001e4737ef930 Exception <a 'java/net/SocketException'{0x000000008ccce680}: Socket is not connected: shutdown> (0x000000008ccce680) 
thrown [c:\wsjdk\corretto17src\installers\windows\zip\corretto-build\buildroot\src\hotspot\share\prims\jni.cpp, line 535]
Event: 63.586 Thread 0x000001e4737ef930 Exception <a 'java/lang/NoClassDefFoundError'{0x000000008cc739d8}: org/sonatype/aether/version/VersionConstraint> (0x000000008cc739d8) 
thrown [c:\wsjdk\corretto17src\installers\windows\zip\corretto-build\buildroot\src\hotspot\share\classfile\systemDictionary.cpp, line 245]
Event: 68.158 Thread 0x000001e4737ef930 Exception <a 'java/net/ConnectException'{0x000000008ce59798}: Connection refused: connect> (0x000000008ce59798) 
thrown [c:\wsjdk\corretto17src\installers\windows\zip\corretto-build\buildroot\src\hotspot\share\prims\jni.cpp, line 535]
Event: 68.158 Thread 0x000001e4737ef930 Exception <a 'java/net/SocketException'{0x000000008ce5a020}: Socket is not connected: shutdown> (0x000000008ce5a020) 
thrown [c:\wsjdk\corretto17src\installers\windows\zip\corretto-build\buildroot\src\hotspot\share\prims\jni.cpp, line 535]
Event: 71.069 Thread 0x000001e4737ef930 Exception <a 'java/net/ConnectException'{0x0000000091aa6fd0}: Connection refused: connect> (0x0000000091aa6fd0) 
thrown [c:\wsjdk\corretto17src\installers\windows\zip\corretto-build\buildroot\src\hotspot\share\prims\jni.cpp, line 535]
Event: 71.070 Thread 0x000001e4737ef930 Exception <a 'java/net/SocketException'{0x0000000091aa7858}: Socket is not connected: shutdown> (0x0000000091aa7858) 
thrown [c:\wsjdk\corretto17src\installers\windows\zip\corretto-build\buildroot\src\hotspot\share\prims\jni.cpp, line 535]

VM Operations (20 events):
Event: 75.715 Executing VM operation: Cleanup
Event: 75.715 Executing VM operation: Cleanup done
Event: 76.723 Executing VM operation: Cleanup
Event: 76.723 Executing VM operation: Cleanup done
Event: 77.578 Executing VM operation: HandshakeAllThreads
Event: 77.578 Executing VM operation: HandshakeAllThreads done
Event: 77.739 Executing VM operation: G1CollectForAllocation
Event: 77.751 Executing VM operation: G1CollectForAllocation done
Event: 78.647 Executing VM operation: G1CollectForAllocation
Event: 78.659 Executing VM operation: G1CollectForAllocation done
Event: 79.556 Executing VM operation: G1CollectForAllocation
Event: 79.567 Executing VM operation: G1CollectForAllocation done
Event: 80.593 Executing VM operation: Cleanup
Event: 80.607 Executing VM operation: Cleanup done
Event: 81.260 Executing VM operation: G1CollectForAllocation
Event: 81.274 Executing VM operation: G1CollectForAllocation done
Event: 82.287 Executing VM operation: Cleanup
Event: 82.289 Executing VM operation: Cleanup done
Event: 83.011 Executing VM operation: HandshakeAllThreads
Event: 83.011 Executing VM operation: HandshakeAllThreads done

Events (20 events):
Event: 64.638 Thread 0x000001e413623560 flushing nmethod 0x000001e4010dbc10
Event: 64.638 Thread 0x000001e413623560 flushing nmethod 0x000001e4010df390
Event: 64.638 Thread 0x000001e413623560 flushing nmethod 0x000001e4010e0710
Event: 64.638 Thread 0x000001e413623560 flushing nmethod 0x000001e4010e0b10
Event: 64.638 Thread 0x000001e413623560 flushing nmethod 0x000001e40111f590
Event: 64.639 Thread 0x000001e413623560 flushing nmethod 0x000001e401156c90
Event: 64.639 Thread 0x000001e413623560 flushing nmethod 0x000001e401157390
Event: 64.639 Thread 0x000001e413623560 flushing nmethod 0x000001e40115b610
Event: 64.639 Thread 0x000001e413623560 flushing nmethod 0x000001e40115bb90
Event: 64.639 Thread 0x000001e413623560 flushing nmethod 0x000001e40115c710
Event: 64.639 Thread 0x000001e413623560 flushing nmethod 0x000001e401161610
Event: 64.639 Thread 0x000001e413623560 flushing nmethod 0x000001e401163a90
Event: 64.639 Thread 0x000001e413623560 flushing nmethod 0x000001e401164c90
Event: 64.639 Thread 0x000001e413623560 flushing nmethod 0x000001e401165910
Event: 64.639 Thread 0x000001e413623560 flushing nmethod 0x000001e401194890
Event: 75.781 Thread 0x000001e418111010 Thread added: 0x000001e418111010
Event: 77.291 Thread 0x000001e41911d010 Thread added: 0x000001e41911d010
Event: 77.594 Thread 0x000001e413623560 flushing nmethod 0x000001e40116ad10
Event: 83.012 Thread 0x000001e41911d010 Thread exited: 0x000001e41911d010
Event: 83.013 Thread 0x000001e418111010 Thread exited: 0x000001e418111010


Dynamic libraries:
0x00007ff734660000 - 0x00007ff73466d000 	C:\Program Files\Amazon Corretto\jdk17.0.1_12\bin\java.exe
0x00007ff9cb150000 - 0x00007ff9cb364000 	C:\WINDOWS\SYSTEM32\ntdll.dll
0x00007ff997a80000 - 0x00007ff997a97000 	C:\Program Files\Avast Software\Avast\aswhook.dll
0x00007ff9c9fe0000 - 0x00007ff9ca0a2000 	C:\WINDOWS\System32\KERNEL32.DLL
0x00007ff9c87a0000 - 0x00007ff9c8b3c000 	C:\WINDOWS\System32\KERNELBASE.dll
0x00007ff9c8be0000 - 0x00007ff9c8cf1000 	C:\WINDOWS\System32\ucrtbase.dll
0x00007ff9b3f40000 - 0x00007ff9b3f58000 	C:\Program Files\Amazon Corretto\jdk17.0.1_12\bin\jli.dll
0x00007ff9b3f20000 - 0x00007ff9b3f35000 	C:\Program Files\Amazon Corretto\jdk17.0.1_12\bin\VCRUNTIME140.dll
0x00007ff9c9600000 - 0x00007ff9c97aa000 	C:\WINDOWS\System32\USER32.dll
0x00007ff9c8590000 - 0x00007ff9c85b6000 	C:\WINDOWS\System32\win32u.dll
0x00007ff9c95d0000 - 0x00007ff9c95f9000 	C:\WINDOWS\System32\GDI32.dll
0x00007ff9c8e40000 - 0x00007ff9c8f52000 	C:\WINDOWS\System32\gdi32full.dll
0x00007ff9c8b40000 - 0x00007ff9c8bda000 	C:\WINDOWS\System32\msvcp_win.dll
0x00007ff9b2080000 - 0x00007ff9b230e000 	C:\WINDOWS\WinSxS\amd64_microsoft.windows.common-controls_6595b64144ccf1df_6.0.22621.436_none_a94247dbc10d8414\COMCTL32.dll
0x00007ff9c9e30000 - 0x00007ff9c9ed7000 	C:\WINDOWS\System32\msvcrt.dll
0x00007ff9cb0b0000 - 0x00007ff9cb0e1000 	C:\WINDOWS\System32\IMM32.DLL
0x00007ff985ca0000 - 0x00007ff985d3b000 	C:\Program Files\Amazon Corretto\jdk17.0.1_12\bin\msvcp140.dll
0x00007ff928220000 - 0x00007ff928e39000 	C:\Program Files\Amazon Corretto\jdk17.0.1_12\bin\server\jvm.dll
0x00007ff9caf00000 - 0x00007ff9cafae000 	C:\WINDOWS\System32\ADVAPI32.dll
0x00007ff9cae50000 - 0x00007ff9caef4000 	C:\WINDOWS\System32\sechost.dll
0x00007ff9c9c30000 - 0x00007ff9c9d45000 	C:\WINDOWS\System32\RPCRT4.dll
0x00007ff9cab20000 - 0x00007ff9cab28000 	C:\WINDOWS\System32\PSAPI.DLL
0x00007ff9bf0b0000 - 0x00007ff9bf0ba000 	C:\WINDOWS\SYSTEM32\VERSION.dll
0x00007ff9ae470000 - 0x00007ff9ae479000 	C:\WINDOWS\SYSTEM32\WSOCK32.dll
0x00007ff9c05a0000 - 0x00007ff9c05d4000 	C:\WINDOWS\SYSTEM32\WINMM.dll
0x00007ff9c9150000 - 0x00007ff9c91c1000 	C:\WINDOWS\System32\WS2_32.dll
0x00007ff9c7610000 - 0x00007ff9c7628000 	C:\WINDOWS\SYSTEM32\kernel.appcore.dll
0x00007ff9c3f40000 - 0x00007ff9c3f4a000 	C:\Program Files\Amazon Corretto\jdk17.0.1_12\bin\jimage.dll
0x00007ff9b5cb0000 - 0x00007ff9b5ede000 	C:\WINDOWS\SYSTEM32\DBGHELP.DLL
0x00007ff9c9240000 - 0x00007ff9c95c9000 	C:\WINDOWS\System32\combase.dll
0x00007ff9c9d50000 - 0x00007ff9c9e27000 	C:\WINDOWS\System32\OLEAUT32.dll
0x00007ff9b3630000 - 0x00007ff9b3662000 	C:\WINDOWS\SYSTEM32\dbgcore.DLL
0x00007ff9c8dc0000 - 0x00007ff9c8e3b000 	C:\WINDOWS\System32\bcryptPrimitives.dll
0x00007ff9b3e10000 - 0x00007ff9b3e35000 	C:\Program Files\Amazon Corretto\jdk17.0.1_12\bin\java.dll
0x00007ff963560000 - 0x00007ff963636000 	C:\Program Files\Amazon Corretto\jdk17.0.1_12\bin\svml.dll
0x00007ff9ca270000 - 0x00007ff9caa4d000 	C:\WINDOWS\System32\SHELL32.dll
0x00007ff9c6580000 - 0x00007ff9c6e36000 	C:\WINDOWS\SYSTEM32\windows.storage.dll
0x00007ff9c6440000 - 0x00007ff9c657d000 	C:\WINDOWS\SYSTEM32\wintypes.dll
0x00007ff9cafb0000 - 0x00007ff9cb0a1000 	C:\WINDOWS\System32\SHCORE.dll
0x00007ff9cad50000 - 0x00007ff9cadae000 	C:\WINDOWS\System32\shlwapi.dll
0x00007ff9c84c0000 - 0x00007ff9c84e1000 	C:\WINDOWS\SYSTEM32\profapi.dll
0x00007ff9b3d00000 - 0x00007ff9b3d19000 	C:\Program Files\Amazon Corretto\jdk17.0.1_12\bin\net.dll
0x00007ff9c11f0000 - 0x00007ff9c131f000 	C:\WINDOWS\SYSTEM32\WINHTTP.dll
0x00007ff9c7ae0000 - 0x00007ff9c7b49000 	C:\WINDOWS\system32\mswsock.dll
0x00007ff9b3410000 - 0x00007ff9b3425000 	C:\Program Files\Amazon Corretto\jdk17.0.1_12\bin\nio.dll
0x00007ff9b32e0000 - 0x00007ff9b32f8000 	C:\Program Files\Amazon Corretto\jdk17.0.1_12\bin\zip.dll
0x0000000069ac0000 - 0x0000000069ae4000 	C:\Users\ejane\scoop\apps\maven\current\lib\jansi-native\Windows\x86_64\jansi.dll
0x00007ff9b5110000 - 0x00007ff9b5120000 	C:\Program Files\Amazon Corretto\jdk17.0.1_12\bin\verify.dll
0x00007ff9b4d30000 - 0x00007ff9b4d3e000 	C:\Program Files\Amazon Corretto\jdk17.0.1_12\bin\sunmscapi.dll
0x00007ff9c8630000 - 0x00007ff9c8796000 	C:\WINDOWS\System32\CRYPT32.dll
0x00007ff9c7e90000 - 0x00007ff9c7ebd000 	C:\WINDOWS\SYSTEM32\ncrypt.dll
0x00007ff9c7e50000 - 0x00007ff9c7e87000 	C:\WINDOWS\SYSTEM32\NTASN1.dll
0x00007ff9c7d20000 - 0x00007ff9c7d3b000 	C:\WINDOWS\SYSTEM32\CRYPTSP.dll
0x00007ff9c7580000 - 0x00007ff9c75b5000 	C:\WINDOWS\system32\rsaenh.dll
0x00007ff9c7bd0000 - 0x00007ff9c7bf8000 	C:\WINDOWS\SYSTEM32\USERENV.dll
0x00007ff9c7ef0000 - 0x00007ff9c7f18000 	C:\WINDOWS\SYSTEM32\bcrypt.dll
0x00007ff9c7d40000 - 0x00007ff9c7d4c000 	C:\WINDOWS\SYSTEM32\CRYPTBASE.dll
0x00007ff9c7090000 - 0x00007ff9c70bd000 	C:\WINDOWS\SYSTEM32\IPHLPAPI.DLL
0x00007ff9cae40000 - 0x00007ff9cae49000 	C:\WINDOWS\System32\NSI.dll
0x00007ff9c10e0000 - 0x00007ff9c10f9000 	C:\WINDOWS\SYSTEM32\dhcpcsvc6.DLL
0x00007ff9c07e0000 - 0x00007ff9c07ff000 	C:\WINDOWS\SYSTEM32\dhcpcsvc.DLL
0x00007ff9c70c0000 - 0x00007ff9c71b2000 	C:\WINDOWS\SYSTEM32\DNSAPI.dll
0x00007ff99d3b0000 - 0x00007ff99d3c7000 	C:\WINDOWS\system32\napinsp.dll
0x00007ff99d390000 - 0x00007ff99d3ab000 	C:\WINDOWS\system32\pnrpnsp.dll
0x00007ff99d370000 - 0x00007ff99d381000 	C:\WINDOWS\System32\winrnr.dll
0x00007ff9bdb90000 - 0x00007ff9bdba5000 	C:\WINDOWS\system32\wshbth.dll
0x00007ff99d340000 - 0x00007ff99d361000 	C:\WINDOWS\system32\nlansp_c.dll
0x00007ff9bf280000 - 0x00007ff9bf28a000 	C:\Windows\System32\rasadhlp.dll
0x00007ff9bd080000 - 0x00007ff9bd103000 	C:\WINDOWS\System32\fwpuclnt.dll

dbghelp: loaded successfully - version: 4.0.5 - missing functions: none
symbol engine: initialized successfully - sym options: 0x614 - pdb path: .;C:\Program Files\Amazon Corretto\jdk17.0.1_12\bin;C:\WINDOWS\SYSTEM32;C:\Program Files\Avast Software\Avast;C:\WINDOWS\WinSxS\amd64_microsoft.windows.common-controls_6595b64144ccf1df_6.0.22621.436_none_a94247dbc10d8414;C:\Program Files\Amazon Corretto\jdk17.0.1_12\bin\server;C:\Users\ejane\scoop\apps\maven\current\lib\jansi-native\Windows\x86_64

VM Arguments:
jvm_args: -Dclassworlds.conf=C:\Users\ejane\scoop\apps\maven\current\bin\m2.conf -Dmaven.home=C:\Users\ejane\scoop\apps\maven\current -Dlibrary.jansi.path=C:\Users\ejane\scoop\apps\maven\current\lib\jansi-native -Dmaven.multiModuleProjectDirectory=C:\Users\ejane\Documents\MCTL 
java_command: org.codehaus.plexus.classworlds.launcher.Launcher package
java_class_path (initial): C:\Users\ejane\scoop\apps\maven\current\boot\plexus-classworlds-2.6.0.jar
Launcher Type: SUN_STANDARD

[Global flags]
     intx CICompilerCount                          = 4                                         {product} {ergonomic}
     uint ConcGCThreads                            = 2                                         {product} {ergonomic}
     uint G1ConcRefinementThreads                  = 8                                         {product} {ergonomic}
   size_t G1HeapRegionSize                         = 1048576                                   {product} {ergonomic}
    uintx GCDrainStackTargetSize                   = 64                                        {product} {ergonomic}
   size_t InitialHeapSize                          = 123731968                                 {product} {ergonomic}
   size_t MarkStackSize                            = 4194304                                   {product} {ergonomic}
   size_t MaxHeapSize                              = 1967128576                                {product} {ergonomic}
   size_t MaxNewSize                               = 1179648000                                {product} {ergonomic}
   size_t MinHeapDeltaBytes                        = 1048576                                   {product} {ergonomic}
   size_t MinHeapSize                              = 8388608                                   {product} {ergonomic}
    uintx NonNMethodCodeHeapSize                   = 5839372                                {pd product} {ergonomic}
    uintx NonProfiledCodeHeapSize                  = 122909434                              {pd product} {ergonomic}
    uintx ProfiledCodeHeapSize                     = 122909434                              {pd product} {ergonomic}
    uintx ReservedCodeCacheSize                    = 251658240                              {pd product} {ergonomic}
     bool SegmentedCodeCache                       = true                                      {product} {ergonomic}
   size_t SoftMaxHeapSize                          = 1967128576                             {manageable} {ergonomic}
     bool UseCompressedClassPointers               = true                           {product lp64_product} {ergonomic}
     bool UseCompressedOops                        = true                           {product lp64_product} {ergonomic}
     bool UseG1GC                                  = true                                      {product} {ergonomic}
     bool UseLargePagesIndividualAllocation        = false                                  {pd product} {ergonomic}

Logging:
Log output configuration:
 #0: stdout all=warning uptime,level,tags
 #1: stderr all=off uptime,level,tags

Environment Variables:
JAVA_HOME=C:\Program Files\Amazon Corretto\jdk17.0.1_12
PATH=C:\Program Files\Amazon Corretto\jdk17.0.1_12\bin;C:\Program Files\Eclipse Foundation\jdk-16.0.2.7-hotspot\bin;C:\ProgramData\Oracle\Java\javapath;C:\Program Files\Common Files\Oracle\Java\javapath;C:\Program Files (x86)\Common Files\Oracle\Java\javapath;C:\Program Files\Eclipse Adoptium\jdk-17.0.1.12-hotspot\bin;C:\Program Files (x86)\Common Files\Intel\Shared Libraries\redist\intel64\compiler;C:\Program Files (x86)\Common Files\Intel\Shared Files\cpp\bin\Intel64;C:\WINDOWS\system32;C:\WINDOWS;C:\WINDOWS\System32\Wbem;C:\WINDOWS\System32\WindowsPowerShell\v1.0\;C:\WINDOWS\System32\OpenSSH\;C:\Program Files\dotnet\;C:\Program Files\Microsoft SQL Server\130\Tools\Binn\;C:\Program Files\Microsoft SQL Server\Client SDK\ODBC\170\Tools\Binn\;C:\Program Files\Git LFS;C:\Program Files (x86)\dotnet\;C:\Users\ejane\scoop\apps\maven\current\bin;C:\Users\ejane\scoop\apps\python\current\Scripts;C:\Users\ejane\scoop\apps\python\current;C:\Users\ejane\scoop\apps\nodejs\current\bin;C:\Users\ejane\scoop\apps\nodejs\current;C:\Users\ejane\scoop\shims;C:\Users\ejane\AppData\Local\Microsoft\WindowsApps;C:\Users\ejane\AppData\Local\Programs\Microsoft VS Code\bin;C:\Users\ejane\AppData\Local\GitHubDesktop\bin;C:\Users\ejane\.dotnet\tools;C:\Program Files\heroku\bin;C:\gstreamer\1.0\mingw_x86_64\bin;%USERPROFILE%\AppData\Local\Microsoft\WindowsApps;
USERNAME=ejane
LANG=es_ES.UTF-8
OS=Windows_NT
PROCESSOR_IDENTIFIER=AMD64 Family 23 Model 104 Stepping 1, AuthenticAMD



---------------  S Y S T E M  ---------------

OS:
 Windows 10 , 64 bit Build 22621 (10.0.22621.598)
OS uptime: 10 days 21:09 hours
Hyper-V role detected

CPU: total 8 (initial active 8) (8 cores per cpu, 2 threads per core) family 23 model 104 stepping 1 microcode 0x0, cx8, cmov, fxsr, ht, mmx, 3dnowpref, sse, sse2, sse3, ssse3, sse4a, sse4.1, sse4.2, popcnt, lzcnt, tsc, tscinvbit, avx, avx2, aes, clmul, bmi1, bmi2, adx, sha, fma, vzeroupper, clflush, clflushopt, hv

Memory: 4k page, system-wide physical 7503M (408M free)
TotalPageFile size 30031M (AvailPageFile size 5M)
current process WorkingSet (physical memory assigned to process): 408M, peak: 418M
current process commit charge ("private bytes"): 469M, peak: 483M

vm_info: OpenJDK 64-Bit Server VM (17.0.1+12-LTS) for windows-amd64 JRE (17.0.1+12-LTS), built on Oct 20 2021 22:36:09 by "Administrator" with MS VC++ 15.9 (VS2017)

END.
